<<<<<<< HEAD
This is pdfTeX, Version 3.14159265-2.6-1.40.19 (MiKTeX 2.9.6800) (preloaded format=pdflatex 2018.9.5)  17 OCT 2018 23:21
entering extended mode
**./report.tex
(report.tex
LaTeX2e <2018-04-01> patch level 5
(LatexParaTP/baseHoja.tex
(/home/martina/.miktex/texmfs/install/tex/latex/extsizes/extarticle.cls
=======
This is pdfTeX, Version 3.14159265-2.6-1.40.18 (TeX Live 2017/Debian) (preloaded format=pdflatex 2018.4.26)  17 OCT 2018 23:21
entering extended mode
 restricted \write18 enabled.
 file:line:error style messages enabled.
 %&-line parsing enabled.
**report.tex
(./report.tex
LaTeX2e <2017-04-15>
Babel <3.12> and hyphenation patterns for 9 language(s) loaded.
(./LatexParaTP/baseHoja.tex
(/usr/share/texlive/texmf-dist/tex/latex/extsizes/extarticle.cls
>>>>>>> 4ac8cb8abfdaefa9fe5282e169608f4bb4dc57e9
Document Class: extarticle 1996/10/08 v1.0 Non Standard LaTeX document class
(/home/martina/.miktex/texmfs/install/tex/latex/base/size12.clo
File: size12.clo 2014/09/29 v1.4h Standard LaTeX file (size option)
)
(/home/martina/.miktex/texmfs/install/tex/latex/base/exscale.sty
Package: exscale 2014/09/29 v2.1h Standard LaTeX package exscale
LaTeX Font Info:    Redeclaring symbol font `largesymbols' on input line 57.
LaTeX Font Info:    Overwriting symbol font `largesymbols' in version `normal'
(Font)                  OMX/cmex/m/n --> OMX/cmex/m/n on input line 57.
LaTeX Font Info:    Overwriting symbol font `largesymbols' in version `bold'
(Font)                  OMX/cmex/m/n --> OMX/cmex/m/n on input line 57.
\big@size=\dimen102
)
\c@part=\count80
\c@section=\count81
\c@subsection=\count82
\c@subsubsection=\count83
\c@paragraph=\count84
\c@subparagraph=\count85
\c@figure=\count86
\c@table=\count87
\abovecaptionskip=\skip41
\belowcaptionskip=\skip42
\bibindent=\dimen103
)
(/home/martina/.miktex/texmfs/install/tex/latex/base/fontenc.sty
Package: fontenc 2017/04/05 v2.0i Standard LaTeX package

(/home/martina/.miktex/texmfs/install/tex/latex/base/t1enc.def
File: t1enc.def 2017/04/05 v2.0i Standard LaTeX file
LaTeX Font Info:    Redeclaring font encoding T1 on input line 48.
))
(/home/martina/.miktex/texmfs/install/tex/latex/base/inputenc.sty
Package: inputenc 2018/04/06 v1.3b Input encoding file
\inpenc@prehook=\toks14
\inpenc@posthook=\toks15
)
(/home/martina/.miktex/texmfs/install/tex/latex/fourier/fourier.sty
Package: fourier 2005/01/01 1.4 fourier-GUTenberg package
Now handling font encoding FML ...
... no UTF-8 mapping file for font encoding FML
Now handling font encoding FMS ...
... no UTF-8 mapping file for font encoding FMS
Now handling font encoding FMX ...
... no UTF-8 mapping file for font encoding FMX

(/home/martina/.miktex/texmfs/install/tex/latex/base/fontenc.sty
Package: fontenc 2017/04/05 v2.0i Standard LaTeX package

(/home/martina/.miktex/texmfs/install/tex/latex/base/t1enc.def
File: t1enc.def 2017/04/05 v2.0i Standard LaTeX file
LaTeX Font Info:    Redeclaring font encoding T1 on input line 48.
))
(/home/martina/.miktex/texmfs/install/tex/latex/base/textcomp.sty
Package: textcomp 2017/04/05 v2.0i Standard LaTeX package
Package textcomp Info: Sub-encoding information:
(textcomp)               5 = only ISO-Adobe without \textcurrency
(textcomp)               4 = 5 + \texteuro
(textcomp)               3 = 4 + \textohm
(textcomp)               2 = 3 + \textestimated + \textcurrency
(textcomp)               1 = TS1 - \textcircled - \t
(textcomp)               0 = TS1 (full)
(textcomp)             Font families with sub-encoding setting implement
(textcomp)             only a restricted character set as indicated.
(textcomp)             Family '?' is the default used for unknown fonts.
(textcomp)             See the documentation for details.
Package textcomp Info: Setting ? sub-encoding to TS1/1 on input line 79.

(/home/martina/.miktex/texmfs/install/tex/latex/base/ts1enc.def
File: ts1enc.def 2001/06/05 v3.0e (jk/car/fm) Standard LaTeX file
Now handling font encoding TS1 ...
... processing UTF-8 mapping file for font encoding TS1

(/home/martina/.miktex/texmfs/install/tex/latex/base/ts1enc.dfu
File: ts1enc.dfu 2018/04/05 v1.2c UTF-8 support for inputenc
   defining Unicode char U+00A2 (decimal 162)
   defining Unicode char U+00A3 (decimal 163)
   defining Unicode char U+00A4 (decimal 164)
   defining Unicode char U+00A5 (decimal 165)
   defining Unicode char U+00A6 (decimal 166)
   defining Unicode char U+00A7 (decimal 167)
   defining Unicode char U+00A8 (decimal 168)
   defining Unicode char U+00A9 (decimal 169)
   defining Unicode char U+00AA (decimal 170)
   defining Unicode char U+00AC (decimal 172)
   defining Unicode char U+00AE (decimal 174)
   defining Unicode char U+00AF (decimal 175)
   defining Unicode char U+00B0 (decimal 176)
   defining Unicode char U+00B1 (decimal 177)
   defining Unicode char U+00B2 (decimal 178)
   defining Unicode char U+00B3 (decimal 179)
   defining Unicode char U+00B4 (decimal 180)
   defining Unicode char U+00B5 (decimal 181)
   defining Unicode char U+00B6 (decimal 182)
   defining Unicode char U+00B7 (decimal 183)
   defining Unicode char U+00B9 (decimal 185)
   defining Unicode char U+00BA (decimal 186)
   defining Unicode char U+00BC (decimal 188)
   defining Unicode char U+00BD (decimal 189)
   defining Unicode char U+00BE (decimal 190)
   defining Unicode char U+00D7 (decimal 215)
   defining Unicode char U+00F7 (decimal 247)
   defining Unicode char U+0192 (decimal 402)
   defining Unicode char U+02C7 (decimal 711)
   defining Unicode char U+02D8 (decimal 728)
   defining Unicode char U+02DD (decimal 733)
   defining Unicode char U+0E3F (decimal 3647)
   defining Unicode char U+2016 (decimal 8214)
   defining Unicode char U+2020 (decimal 8224)
   defining Unicode char U+2021 (decimal 8225)
   defining Unicode char U+2022 (decimal 8226)
   defining Unicode char U+2030 (decimal 8240)
   defining Unicode char U+2031 (decimal 8241)
   defining Unicode char U+203B (decimal 8251)
   defining Unicode char U+203D (decimal 8253)
   defining Unicode char U+2044 (decimal 8260)
   defining Unicode char U+204E (decimal 8270)
   defining Unicode char U+2052 (decimal 8274)
   defining Unicode char U+20A1 (decimal 8353)
   defining Unicode char U+20A4 (decimal 8356)
   defining Unicode char U+20A6 (decimal 8358)
   defining Unicode char U+20A9 (decimal 8361)
   defining Unicode char U+20AB (decimal 8363)
   defining Unicode char U+20AC (decimal 8364)
   defining Unicode char U+20B1 (decimal 8369)
   defining Unicode char U+2103 (decimal 8451)
   defining Unicode char U+2116 (decimal 8470)
   defining Unicode char U+2117 (decimal 8471)
   defining Unicode char U+211E (decimal 8478)
   defining Unicode char U+2120 (decimal 8480)
   defining Unicode char U+2122 (decimal 8482)
   defining Unicode char U+2126 (decimal 8486)
   defining Unicode char U+2127 (decimal 8487)
   defining Unicode char U+212E (decimal 8494)
   defining Unicode char U+2190 (decimal 8592)
   defining Unicode char U+2191 (decimal 8593)
   defining Unicode char U+2192 (decimal 8594)
   defining Unicode char U+2193 (decimal 8595)
   defining Unicode char U+2329 (decimal 9001)
   defining Unicode char U+232A (decimal 9002)
   defining Unicode char U+2422 (decimal 9250)
   defining Unicode char U+25E6 (decimal 9702)
   defining Unicode char U+25EF (decimal 9711)
   defining Unicode char U+266A (decimal 9834)
   defining Unicode char U+FEFF (decimal 65279)
))
LaTeX Info: Redefining \oldstylenums on input line 334.
Package textcomp Info: Setting cmr sub-encoding to TS1/0 on input line 349.
Package textcomp Info: Setting cmss sub-encoding to TS1/0 on input line 350.
Package textcomp Info: Setting cmtt sub-encoding to TS1/0 on input line 351.
Package textcomp Info: Setting cmvtt sub-encoding to TS1/0 on input line 352.
Package textcomp Info: Setting cmbr sub-encoding to TS1/0 on input line 353.
Package textcomp Info: Setting cmtl sub-encoding to TS1/0 on input line 354.
Package textcomp Info: Setting ccr sub-encoding to TS1/0 on input line 355.
Package textcomp Info: Setting ptm sub-encoding to TS1/4 on input line 356.
Package textcomp Info: Setting pcr sub-encoding to TS1/4 on input line 357.
Package textcomp Info: Setting phv sub-encoding to TS1/4 on input line 358.
Package textcomp Info: Setting ppl sub-encoding to TS1/3 on input line 359.
Package textcomp Info: Setting pag sub-encoding to TS1/4 on input line 360.
Package textcomp Info: Setting pbk sub-encoding to TS1/4 on input line 361.
Package textcomp Info: Setting pnc sub-encoding to TS1/4 on input line 362.
Package textcomp Info: Setting pzc sub-encoding to TS1/4 on input line 363.
Package textcomp Info: Setting bch sub-encoding to TS1/4 on input line 364.
Package textcomp Info: Setting put sub-encoding to TS1/5 on input line 365.
Package textcomp Info: Setting uag sub-encoding to TS1/5 on input line 366.
Package textcomp Info: Setting ugq sub-encoding to TS1/5 on input line 367.
Package textcomp Info: Setting ul8 sub-encoding to TS1/4 on input line 368.
Package textcomp Info: Setting ul9 sub-encoding to TS1/4 on input line 369.
Package textcomp Info: Setting augie sub-encoding to TS1/5 on input line 370.
Package textcomp Info: Setting dayrom sub-encoding to TS1/3 on input line 371.
Package textcomp Info: Setting dayroms sub-encoding to TS1/3 on input line 372.

Package textcomp Info: Setting pxr sub-encoding to TS1/0 on input line 373.
Package textcomp Info: Setting pxss sub-encoding to TS1/0 on input line 374.
Package textcomp Info: Setting pxtt sub-encoding to TS1/0 on input line 375.
Package textcomp Info: Setting txr sub-encoding to TS1/0 on input line 376.
Package textcomp Info: Setting txss sub-encoding to TS1/0 on input line 377.
Package textcomp Info: Setting txtt sub-encoding to TS1/0 on input line 378.
Package textcomp Info: Setting lmr sub-encoding to TS1/0 on input line 379.
Package textcomp Info: Setting lmdh sub-encoding to TS1/0 on input line 380.
Package textcomp Info: Setting lmss sub-encoding to TS1/0 on input line 381.
Package textcomp Info: Setting lmssq sub-encoding to TS1/0 on input line 382.
Package textcomp Info: Setting lmvtt sub-encoding to TS1/0 on input line 383.
Package textcomp Info: Setting lmtt sub-encoding to TS1/0 on input line 384.
Package textcomp Info: Setting qhv sub-encoding to TS1/0 on input line 385.
Package textcomp Info: Setting qag sub-encoding to TS1/0 on input line 386.
Package textcomp Info: Setting qbk sub-encoding to TS1/0 on input line 387.
Package textcomp Info: Setting qcr sub-encoding to TS1/0 on input line 388.
Package textcomp Info: Setting qcs sub-encoding to TS1/0 on input line 389.
Package textcomp Info: Setting qpl sub-encoding to TS1/0 on input line 390.
Package textcomp Info: Setting qtm sub-encoding to TS1/0 on input line 391.
Package textcomp Info: Setting qzc sub-encoding to TS1/0 on input line 392.
Package textcomp Info: Setting qhvc sub-encoding to TS1/0 on input line 393.
Package textcomp Info: Setting futs sub-encoding to TS1/4 on input line 394.
Package textcomp Info: Setting futx sub-encoding to TS1/4 on input line 395.
Package textcomp Info: Setting futj sub-encoding to TS1/4 on input line 396.
Package textcomp Info: Setting hlh sub-encoding to TS1/3 on input line 397.
Package textcomp Info: Setting hls sub-encoding to TS1/3 on input line 398.
Package textcomp Info: Setting hlst sub-encoding to TS1/3 on input line 399.
Package textcomp Info: Setting hlct sub-encoding to TS1/5 on input line 400.
Package textcomp Info: Setting hlx sub-encoding to TS1/5 on input line 401.
Package textcomp Info: Setting hlce sub-encoding to TS1/5 on input line 402.
Package textcomp Info: Setting hlcn sub-encoding to TS1/5 on input line 403.
Package textcomp Info: Setting hlcw sub-encoding to TS1/5 on input line 404.
Package textcomp Info: Setting hlcf sub-encoding to TS1/5 on input line 405.
Package textcomp Info: Setting pplx sub-encoding to TS1/3 on input line 406.
Package textcomp Info: Setting pplj sub-encoding to TS1/3 on input line 407.
Package textcomp Info: Setting ptmx sub-encoding to TS1/4 on input line 408.
Package textcomp Info: Setting ptmj sub-encoding to TS1/4 on input line 409.
)
(/home/martina/.miktex/texmfs/install/tex/latex/fourier/fourier-orns.sty
Package: fourier-orns 2004/01/30 1.1 fourier-ornaments package
)
LaTeX Font Info:    Redeclaring symbol font `operators' on input line 50.
LaTeX Font Info:    Encoding `OT1' has changed to `T1' for symbol font
(Font)              `operators' in the math version `normal' on input line 50.
LaTeX Font Info:    Overwriting symbol font `operators' in version `normal'
(Font)                  OT1/cmr/m/n --> T1/futs/m/n on input line 50.
LaTeX Font Info:    Encoding `OT1' has changed to `T1' for symbol font
(Font)              `operators' in the math version `bold' on input line 50.
LaTeX Font Info:    Overwriting symbol font `operators' in version `bold'
(Font)                  OT1/cmr/bx/n --> T1/futs/m/n on input line 50.
LaTeX Font Info:    Overwriting symbol font `operators' in version `bold'
(Font)                  T1/futs/m/n --> T1/futs/b/n on input line 51.
LaTeX Font Info:    Redeclaring symbol font `letters' on input line 59.
LaTeX Font Info:    Encoding `OML' has changed to `FML' for symbol font
(Font)              `letters' in the math version `normal' on input line 59.
LaTeX Font Info:    Overwriting symbol font `letters' in version `normal'
(Font)                  OML/cmm/m/it --> FML/futmi/m/it on input line 59.
LaTeX Font Info:    Encoding `OML' has changed to `FML' for symbol font
(Font)              `letters' in the math version `bold' on input line 59.
LaTeX Font Info:    Overwriting symbol font `letters' in version `bold'
(Font)                  OML/cmm/b/it --> FML/futmi/m/it on input line 59.
\symotherletters=\mathgroup4
LaTeX Font Info:    Overwriting symbol font `letters' in version `bold'
(Font)                  FML/futmi/m/it --> FML/futmi/b/it on input line 61.
LaTeX Font Info:    Overwriting symbol font `otherletters' in version `bold'
(Font)                  FML/futm/m/it --> FML/futm/b/it on input line 62.
LaTeX Font Info:    Redeclaring math symbol \Gamma on input line 63.
LaTeX Font Info:    Redeclaring math symbol \Delta on input line 64.
LaTeX Font Info:    Redeclaring math symbol \Theta on input line 65.
LaTeX Font Info:    Redeclaring math symbol \Lambda on input line 66.
LaTeX Font Info:    Redeclaring math symbol \Xi on input line 67.
LaTeX Font Info:    Redeclaring math symbol \Pi on input line 68.
LaTeX Font Info:    Redeclaring math symbol \Sigma on input line 69.
LaTeX Font Info:    Redeclaring math symbol \Upsilon on input line 70.
LaTeX Font Info:    Redeclaring math symbol \Phi on input line 71.
LaTeX Font Info:    Redeclaring math symbol \Psi on input line 72.
LaTeX Font Info:    Redeclaring math symbol \Omega on input line 73.
LaTeX Font Info:    Redeclaring symbol font `symbols' on input line 113.
LaTeX Font Info:    Encoding `OMS' has changed to `FMS' for symbol font
(Font)              `symbols' in the math version `normal' on input line 113.
LaTeX Font Info:    Overwriting symbol font `symbols' in version `normal'
(Font)                  OMS/cmsy/m/n --> FMS/futm/m/n on input line 113.
LaTeX Font Info:    Encoding `OMS' has changed to `FMS' for symbol font
(Font)              `symbols' in the math version `bold' on input line 113.
LaTeX Font Info:    Overwriting symbol font `symbols' in version `bold'
(Font)                  OMS/cmsy/b/n --> FMS/futm/m/n on input line 113.
LaTeX Font Info:    Redeclaring symbol font `largesymbols' on input line 114.
LaTeX Font Info:    Encoding `OMX' has changed to `FMX' for symbol font
(Font)              `largesymbols' in the math version `normal' on input line 1
14.
LaTeX Font Info:    Overwriting symbol font `largesymbols' in version `normal'
(Font)                  OMX/cmex/m/n --> FMX/futm/m/n on input line 114.
LaTeX Font Info:    Encoding `OMX' has changed to `FMX' for symbol font
(Font)              `largesymbols' in the math version `bold' on input line 114
.
LaTeX Font Info:    Overwriting symbol font `largesymbols' in version `bold'
(Font)                  OMX/cmex/m/n --> FMX/futm/m/n on input line 114.
LaTeX Font Info:    Redeclaring math alphabet \mathbf on input line 115.
LaTeX Font Info:    Overwriting math alphabet `\mathbf' in version `normal'
(Font)                  OT1/cmr/bx/n --> T1/futs/bx/n on input line 115.
LaTeX Font Info:    Overwriting math alphabet `\mathbf' in version `bold'
(Font)                  OT1/cmr/bx/n --> T1/futs/bx/n on input line 115.
LaTeX Font Info:    Redeclaring math alphabet \mathrm on input line 116.
LaTeX Font Info:    Redeclaring math alphabet \mathit on input line 117.
LaTeX Font Info:    Overwriting math alphabet `\mathit' in version `normal'
(Font)                  OT1/cmr/m/it --> T1/futs/m/it on input line 117.
LaTeX Font Info:    Overwriting math alphabet `\mathit' in version `bold'
(Font)                  OT1/cmr/bx/it --> T1/futs/m/it on input line 117.
LaTeX Font Info:    Redeclaring math alphabet \mathcal on input line 118.
LaTeX Font Info:    Redeclaring math symbol \parallel on input line 134.
LaTeX Font Info:    Redeclaring math symbol \hbar on input line 148.
LaTeX Font Info:    Redeclaring math symbol \varkappa on input line 186.
LaTeX Font Info:    Redeclaring math symbol \varvarrho on input line 187.
LaTeX Font Info:    Redeclaring math delimiter \Vert on input line 210.
LaTeX Font Info:    Redeclaring math delimiter \vert on input line 215.
LaTeX Font Info:    Redeclaring math delimiter \Downarrow on input line 225.
LaTeX Font Info:    Redeclaring math delimiter \backslash on input line 227.
LaTeX Font Info:    Redeclaring math delimiter \rangle on input line 229.
LaTeX Font Info:    Redeclaring math delimiter \langle on input line 231.
LaTeX Font Info:    Redeclaring math delimiter \rbrace on input line 233.
LaTeX Font Info:    Redeclaring math delimiter \lbrace on input line 235.
LaTeX Font Info:    Redeclaring math delimiter \rceil on input line 237.
LaTeX Font Info:    Redeclaring math delimiter \lceil on input line 239.
LaTeX Font Info:    Redeclaring math delimiter \rfloor on input line 241.
LaTeX Font Info:    Redeclaring math delimiter \lfloor on input line 243.
LaTeX Font Info:    Redeclaring math accent \acute on input line 247.
LaTeX Font Info:    Redeclaring math accent \grave on input line 248.
LaTeX Font Info:    Redeclaring math accent \ddot on input line 249.
LaTeX Font Info:    Redeclaring math accent \tilde on input line 250.
LaTeX Font Info:    Redeclaring math accent \bar on input line 251.
LaTeX Font Info:    Redeclaring math accent \breve on input line 252.
LaTeX Font Info:    Redeclaring math accent \check on input line 253.
LaTeX Font Info:    Redeclaring math accent \hat on input line 254.
LaTeX Font Info:    Redeclaring math accent \dot on input line 255.
LaTeX Font Info:    Redeclaring math accent \mathring on input line 256.
\symUfutm=\mathgroup5
)
(/home/martina/.miktex/texmfs/install/tex/latex/geometry/geometry.sty
Package: geometry 2018/04/16 v5.8 Page Geometry

(/home/martina/.miktex/texmfs/install/tex/latex/graphics/keyval.sty
Package: keyval 2014/10/28 v1.15 key=value parser (DPC)
\KV@toks@=\toks16
)
(/home/martina/.miktex/texmfs/install/tex/generic/oberdiek/ifpdf.sty
Package: ifpdf 2017/03/15 v3.2 Provides the ifpdf switch
)
(/home/martina/.miktex/texmfs/install/tex/generic/oberdiek/ifvtex.sty
Package: ifvtex 2016/05/16 v1.6 Detect VTeX and its facilities (HO)
Package ifvtex Info: VTeX not detected.
)
(/home/martina/.miktex/texmfs/install/tex/generic/ifxetex/ifxetex.sty
Package: ifxetex 2010/09/12 v0.6 Provides ifxetex conditional
)
\Gm@cnth=\count88
\Gm@cntv=\count89
\c@Gm@tempcnt=\count90
\Gm@bindingoffset=\dimen104
\Gm@wd@mp=\dimen105
\Gm@odd@mp=\dimen106
\Gm@even@mp=\dimen107
\Gm@layoutwidth=\dimen108
\Gm@layoutheight=\dimen109
\Gm@layouthoffset=\dimen110
\Gm@layoutvoffset=\dimen111
\Gm@dimlist=\toks17

(/home/martina/.miktex/texmfs/install/tex/latex/geometry/geometry.cfg))
(/home/martina/.miktex/texmfs/install/tex/latex/multirow/multirow.sty
Package: multirow 2018/08/03 v2.3 Span multiple rows of a table
\multirow@colwidth=\skip43
\multirow@cntb=\count91
\multirow@dima=\skip44
\bigstrutjot=\dimen112
)
(/home/martina/.miktex/texmfs/install/tex/latex/float/float.sty
Package: float 2001/11/08 v1.3d Float enhancements (AL)
\c@float@type=\count92
\float@exts=\toks18
\float@box=\box26
\@float@everytoks=\toks19
\@floatcapt=\box27
)
<<<<<<< HEAD
(/home/martina/.miktex/texmfs/install/tex/latex/amsmath/amsmath.sty
Package: amsmath 2017/09/02 v2.17a AMS math features
=======
(/usr/share/texlive/texmf-dist/tex/latex/amsmath/amsmath.sty
Package: amsmath 2016/11/05 v2.16a AMS math features
>>>>>>> 4ac8cb8abfdaefa9fe5282e169608f4bb4dc57e9
\@mathmargin=\skip45

For additional information on amsmath, use the `?' option.
(/home/martina/.miktex/texmfs/install/tex/latex/amsmath/amstext.sty
Package: amstext 2000/06/29 v2.01 AMS text

(/home/martina/.miktex/texmfs/install/tex/latex/amsmath/amsgen.sty
File: amsgen.sty 1999/11/30 v2.0 generic functions
\@emptytoks=\toks20
\ex@=\dimen113
))
(/home/martina/.miktex/texmfs/install/tex/latex/amsmath/amsbsy.sty
Package: amsbsy 1999/11/29 v1.2d Bold Symbols
\pmbraise@=\dimen114
)
(/home/martina/.miktex/texmfs/install/tex/latex/amsmath/amsopn.sty
Package: amsopn 2016/03/08 v2.02 operator names
)
\inf@bad=\count93
LaTeX Info: Redefining \frac on input line 213.
\uproot@=\count94
\leftroot@=\count95
LaTeX Info: Redefining \overline on input line 375.
\classnum@=\count96
\DOTSCASE@=\count97
LaTeX Info: Redefining \ldots on input line 472.
LaTeX Info: Redefining \dots on input line 475.
LaTeX Info: Redefining \cdots on input line 596.
\Mathstrutbox@=\box28
\strutbox@=\box29
\big@size=\dimen115
LaTeX Font Info:    Redeclaring font encoding OML on input line 712.
LaTeX Font Info:    Redeclaring font encoding OMS on input line 713.
\macc@depth=\count98
\c@MaxMatrixCols=\count99
\dotsspace@=\muskip10
\c@parentequation=\count100
\dspbrk@lvl=\count101
\tag@help=\toks21
\row@=\count102
\column@=\count103
\maxfields@=\count104
\andhelp@=\toks22
\eqnshift@=\dimen116
\alignsep@=\dimen117
\tagshift@=\dimen118
\tagwidth@=\dimen119
\totwidth@=\dimen120
\lineht@=\dimen121
\@envbody=\toks23
\multlinegap=\skip46
\multlinetaggap=\skip47
\mathdisplay@stack=\toks24
LaTeX Info: Redefining \[ on input line 2817.
LaTeX Info: Redefining \] on input line 2818.
)
(/home/martina/.miktex/texmfs/install/tex/latex/oberdiek/stackrel.sty
Package: stackrel 2016/05/16 v1.3 Adding subscript option to stackrel (HO)

(/home/martina/.miktex/texmfs/install/tex/generic/oberdiek/etexcmds.sty
Package: etexcmds 2016/05/16 v1.6 Avoid name clashes with e-TeX commands (HO)

(/home/martina/.miktex/texmfs/install/tex/generic/oberdiek/infwarerr.sty
Package: infwarerr 2016/05/16 v1.4 Providing info/warning/error messages (HO)
)
(/home/martina/.miktex/texmfs/install/tex/generic/oberdiek/ifluatex.sty
Package: ifluatex 2016/05/16 v1.4 Provides the ifluatex switch (HO)
Package ifluatex Info: LuaTeX not detected.
)
Package etexcmds Info: Could not find \expanded.
(etexcmds)             That can mean that you are not using pdfTeX 1.50 or
(etexcmds)             that some package has redefined \expanded.
(etexcmds)             In the latter case, load this package earlier.
)
<<<<<<< HEAD
(/home/martina/.miktex/texmfs/install/tex/generic/oberdiek/pdftexcmds.sty
Package: pdftexcmds 2018/01/30 v0.27 Utility functions of pdfTeX for LuaTeX (HO
=======
(/usr/share/texlive/texmf-dist/tex/generic/oberdiek/pdftexcmds.sty
Package: pdftexcmds 2017/03/19 v0.25 Utility functions of pdfTeX for LuaTeX (HO
>>>>>>> 4ac8cb8abfdaefa9fe5282e169608f4bb4dc57e9
)

(/home/martina/.miktex/texmfs/install/tex/generic/oberdiek/ltxcmds.sty
Package: ltxcmds 2016/05/16 v1.23 LaTeX kernel commands for general use (HO)
)
Package pdftexcmds Info: LuaTeX not detected.
Package pdftexcmds Info: \pdf@primitive is available.
Package pdftexcmds Info: \pdf@ifprimitive is available.
Package pdftexcmds Info: \pdfdraftmode found.
))
(/home/martina/.miktex/texmfs/install/tex/latex/graphics/graphicx.sty
Package: graphicx 2017/06/01 v1.1a Enhanced LaTeX Graphics (DPC,SPQR)

(/home/martina/.miktex/texmfs/install/tex/latex/graphics/graphics.sty
Package: graphics 2017/06/25 v1.2c Standard LaTeX Graphics (DPC,SPQR)

(/home/martina/.miktex/texmfs/install/tex/latex/graphics/trig.sty
Package: trig 2016/01/03 v1.10 sin cos tan (DPC)
)
(/home/martina/.miktex/texmfs/install/tex/latex/graphics-cfg/graphics.cfg
File: graphics.cfg 2016/06/04 v1.11 sample graphics configuration
)
Package graphics Info: Driver file: pdftex.def on input line 99.

<<<<<<< HEAD
(/home/martina/.miktex/texmfs/install/tex/latex/graphics-def/pdftex.def
File: pdftex.def 2018/01/08 v1.0l Graphics/color driver for pdftex
=======
(/usr/share/texlive/texmf-dist/tex/latex/graphics-def/pdftex.def
File: pdftex.def 2017/06/24 v1.0g Graphics/color driver for pdftex
>>>>>>> 4ac8cb8abfdaefa9fe5282e169608f4bb4dc57e9
))
\Gin@req@height=\dimen122
\Gin@req@width=\dimen123
)
(/home/martina/.miktex/texmfs/install/tex/latex/esint/esint.sty
Package: esint 
\symlargesymbolsA=\mathgroup6
)
(/home/martina/.miktex/texmfs/install/tex/latex/pgf/frontendlayer/tikz.sty
(/home/martina/.miktex/texmfs/install/tex/latex/pgf/basiclayer/pgf.sty
(/home/martina/.miktex/texmfs/install/tex/latex/pgf/utilities/pgfrcs.sty
(/home/martina/.miktex/texmfs/install/tex/generic/pgf/utilities/pgfutil-common.
tex
\pgfutil@everybye=\toks25
\pgfutil@tempdima=\dimen124
\pgfutil@tempdimb=\dimen125

(/home/martina/.miktex/texmfs/install/tex/generic/pgf/utilities/pgfutil-common-
lists.tex))
(/home/martina/.miktex/texmfs/install/tex/generic/pgf/utilities/pgfutil-latex.d
ef
\pgfutil@abb=\box30
 (/home/martina/.miktex/texmfs/install/tex/latex/ms/everyshi.sty
Package: everyshi 2001/05/15 v3.00 EveryShipout Package (MS)
))
(/home/martina/.miktex/texmfs/install/tex/generic/pgf/utilities/pgfrcs.code.tex
Package: pgfrcs 2015/08/07 v3.0.1a (rcs-revision 1.31)
))
Package: pgf 2015/08/07 v3.0.1a (rcs-revision 1.15)
 (/home/martina/.miktex/texmfs/install/tex/latex/pgf/basiclayer/pgfcore.sty
(/home/martina/.miktex/texmfs/install/tex/latex/pgf/systemlayer/pgfsys.sty
(/home/martina/.miktex/texmfs/install/tex/generic/pgf/systemlayer/pgfsys.code.t
ex
Package: pgfsys 2014/07/09 v3.0.1a (rcs-revision 1.48)

(/home/martina/.miktex/texmfs/install/tex/generic/pgf/utilities/pgfkeys.code.te
x
\pgfkeys@pathtoks=\toks26
\pgfkeys@temptoks=\toks27

(/home/martina/.miktex/texmfs/install/tex/generic/pgf/utilities/pgfkeysfiltered
.code.tex
\pgfkeys@tmptoks=\toks28
))
\pgf@x=\dimen126
\pgf@y=\dimen127
\pgf@xa=\dimen128
\pgf@ya=\dimen129
\pgf@xb=\dimen130
\pgf@yb=\dimen131
\pgf@xc=\dimen132
\pgf@yc=\dimen133
\w@pgf@writea=\write3
\r@pgf@reada=\read1
\c@pgf@counta=\count105
\c@pgf@countb=\count106
\c@pgf@countc=\count107
\c@pgf@countd=\count108
\t@pgf@toka=\toks29
\t@pgf@tokb=\toks30
\t@pgf@tokc=\toks31

(/home/martina/.miktex/texmfs/install/tex/generic/pgf/systemlayer/pgf.cfg
File: pgf.cfg 2008/05/14  (rcs-revision 1.7)
)
Driver file for pgf: pgfsys-pdftex.def

(/home/martina/.miktex/texmfs/install/tex/generic/pgf/systemlayer/pgfsys-pdftex
.def
File: pgfsys-pdftex.def 2014/10/11  (rcs-revision 1.35)

(/home/martina/.miktex/texmfs/install/tex/generic/pgf/systemlayer/pgfsys-common
-pdf.def
File: pgfsys-common-pdf.def 2013/10/10  (rcs-revision 1.13)
)))
(/home/martina/.miktex/texmfs/install/tex/generic/pgf/systemlayer/pgfsyssoftpat
h.code.tex
File: pgfsyssoftpath.code.tex 2013/09/09  (rcs-revision 1.9)
\pgfsyssoftpath@smallbuffer@items=\count109
\pgfsyssoftpath@bigbuffer@items=\count110
)
(/home/martina/.miktex/texmfs/install/tex/generic/pgf/systemlayer/pgfsysprotoco
l.code.tex
File: pgfsysprotocol.code.tex 2006/10/16  (rcs-revision 1.4)
)) (/home/martina/.miktex/texmfs/install/tex/latex/xcolor/xcolor.sty
Package: xcolor 2016/05/11 v2.12 LaTeX color extensions (UK)

(/home/martina/.miktex/texmfs/install/tex/latex/graphics-cfg/color.cfg
File: color.cfg 2016/01/02 v1.6 sample color configuration
)
Package xcolor Info: Driver file: pdftex.def on input line 225.
Package xcolor Info: Model `cmy' substituted by `cmy0' on input line 1348.
Package xcolor Info: Model `hsb' substituted by `rgb' on input line 1352.
Package xcolor Info: Model `RGB' extended on input line 1364.
Package xcolor Info: Model `HTML' substituted by `rgb' on input line 1366.
Package xcolor Info: Model `Hsb' substituted by `hsb' on input line 1367.
Package xcolor Info: Model `tHsb' substituted by `hsb' on input line 1368.
Package xcolor Info: Model `HSB' substituted by `hsb' on input line 1369.
Package xcolor Info: Model `Gray' substituted by `gray' on input line 1370.
Package xcolor Info: Model `wave' substituted by `hsb' on input line 1371.
)
(/home/martina/.miktex/texmfs/install/tex/generic/pgf/basiclayer/pgfcore.code.t
ex
Package: pgfcore 2010/04/11 v3.0.1a (rcs-revision 1.7)
 (/home/martina/.miktex/texmfs/install/tex/generic/pgf/math/pgfmath.code.tex
(/home/martina/.miktex/texmfs/install/tex/generic/pgf/math/pgfmathcalc.code.tex

(/home/martina/.miktex/texmfs/install/tex/generic/pgf/math/pgfmathutil.code.tex
)
(/home/martina/.miktex/texmfs/install/tex/generic/pgf/math/pgfmathparser.code.t
ex
\pgfmath@dimen=\dimen134
\pgfmath@count=\count111
\pgfmath@box=\box31
\pgfmath@toks=\toks32
\pgfmath@stack@operand=\toks33
\pgfmath@stack@operation=\toks34
)
(/home/martina/.miktex/texmfs/install/tex/generic/pgf/math/pgfmathfunctions.cod
e.tex
(/home/martina/.miktex/texmfs/install/tex/generic/pgf/math/pgfmathfunctions.bas
ic.code.tex)
(/home/martina/.miktex/texmfs/install/tex/generic/pgf/math/pgfmathfunctions.tri
gonometric.code.tex)
(/home/martina/.miktex/texmfs/install/tex/generic/pgf/math/pgfmathfunctions.ran
dom.code.tex)
(/home/martina/.miktex/texmfs/install/tex/generic/pgf/math/pgfmathfunctions.com
parison.code.tex)
(/home/martina/.miktex/texmfs/install/tex/generic/pgf/math/pgfmathfunctions.bas
e.code.tex)
(/home/martina/.miktex/texmfs/install/tex/generic/pgf/math/pgfmathfunctions.rou
nd.code.tex)
(/home/martina/.miktex/texmfs/install/tex/generic/pgf/math/pgfmathfunctions.mis
c.code.tex)
(/home/martina/.miktex/texmfs/install/tex/generic/pgf/math/pgfmathfunctions.int
egerarithmetics.code.tex)))
(/home/martina/.miktex/texmfs/install/tex/generic/pgf/math/pgfmathfloat.code.te
x
\c@pgfmathroundto@lastzeros=\count112
))
(/home/martina/.miktex/texmfs/install/tex/generic/pgf/basiclayer/pgfcorepoints.
code.tex
File: pgfcorepoints.code.tex 2013/10/07  (rcs-revision 1.27)
\pgf@picminx=\dimen135
\pgf@picmaxx=\dimen136
\pgf@picminy=\dimen137
\pgf@picmaxy=\dimen138
\pgf@pathminx=\dimen139
\pgf@pathmaxx=\dimen140
\pgf@pathminy=\dimen141
\pgf@pathmaxy=\dimen142
\pgf@xx=\dimen143
\pgf@xy=\dimen144
\pgf@yx=\dimen145
\pgf@yy=\dimen146
\pgf@zx=\dimen147
\pgf@zy=\dimen148
)
(/home/martina/.miktex/texmfs/install/tex/generic/pgf/basiclayer/pgfcorepathcon
struct.code.tex
File: pgfcorepathconstruct.code.tex 2013/10/07  (rcs-revision 1.29)
\pgf@path@lastx=\dimen149
\pgf@path@lasty=\dimen150
)
(/home/martina/.miktex/texmfs/install/tex/generic/pgf/basiclayer/pgfcorepathusa
ge.code.tex
File: pgfcorepathusage.code.tex 2014/11/02  (rcs-revision 1.24)
\pgf@shorten@end@additional=\dimen151
\pgf@shorten@start@additional=\dimen152
)
(/home/martina/.miktex/texmfs/install/tex/generic/pgf/basiclayer/pgfcorescopes.
code.tex
File: pgfcorescopes.code.tex 2015/05/08  (rcs-revision 1.46)
\pgfpic=\box32
\pgf@hbox=\box33
\pgf@layerbox@main=\box34
\pgf@picture@serial@count=\count113
)
(/home/martina/.miktex/texmfs/install/tex/generic/pgf/basiclayer/pgfcoregraphic
state.code.tex
File: pgfcoregraphicstate.code.tex 2014/11/02  (rcs-revision 1.12)
\pgflinewidth=\dimen153
)
(/home/martina/.miktex/texmfs/install/tex/generic/pgf/basiclayer/pgfcoretransfo
rmations.code.tex
File: pgfcoretransformations.code.tex 2015/08/07  (rcs-revision 1.20)
\pgf@pt@x=\dimen154
\pgf@pt@y=\dimen155
\pgf@pt@temp=\dimen156
)
(/home/martina/.miktex/texmfs/install/tex/generic/pgf/basiclayer/pgfcorequick.c
ode.tex
File: pgfcorequick.code.tex 2008/10/09  (rcs-revision 1.3)
)
(/home/martina/.miktex/texmfs/install/tex/generic/pgf/basiclayer/pgfcoreobjects
.code.tex
File: pgfcoreobjects.code.tex 2006/10/11  (rcs-revision 1.2)
)
(/home/martina/.miktex/texmfs/install/tex/generic/pgf/basiclayer/pgfcorepathpro
cessing.code.tex
File: pgfcorepathprocessing.code.tex 2013/09/09  (rcs-revision 1.9)
)
(/home/martina/.miktex/texmfs/install/tex/generic/pgf/basiclayer/pgfcorearrows.
code.tex
File: pgfcorearrows.code.tex 2015/05/14  (rcs-revision 1.43)
\pgfarrowsep=\dimen157
)
(/home/martina/.miktex/texmfs/install/tex/generic/pgf/basiclayer/pgfcoreshade.c
ode.tex
File: pgfcoreshade.code.tex 2013/07/15  (rcs-revision 1.15)
\pgf@max=\dimen158
\pgf@sys@shading@range@num=\count114
)
(/home/martina/.miktex/texmfs/install/tex/generic/pgf/basiclayer/pgfcoreimage.c
ode.tex
File: pgfcoreimage.code.tex 2013/07/15  (rcs-revision 1.18)

(/home/martina/.miktex/texmfs/install/tex/generic/pgf/basiclayer/pgfcoreexterna
l.code.tex
File: pgfcoreexternal.code.tex 2014/07/09  (rcs-revision 1.21)
\pgfexternal@startupbox=\box35
))
(/home/martina/.miktex/texmfs/install/tex/generic/pgf/basiclayer/pgfcorelayers.
code.tex
File: pgfcorelayers.code.tex 2013/07/18  (rcs-revision 1.7)
)
(/home/martina/.miktex/texmfs/install/tex/generic/pgf/basiclayer/pgfcoretranspa
rency.code.tex
File: pgfcoretransparency.code.tex 2013/09/30  (rcs-revision 1.5)
)
(/home/martina/.miktex/texmfs/install/tex/generic/pgf/basiclayer/pgfcorepattern
s.code.tex
File: pgfcorepatterns.code.tex 2013/11/07  (rcs-revision 1.5)
)))
(/home/martina/.miktex/texmfs/install/tex/generic/pgf/modules/pgfmoduleshapes.c
ode.tex
File: pgfmoduleshapes.code.tex 2014/03/21  (rcs-revision 1.35)
\pgfnodeparttextbox=\box36
)
(/home/martina/.miktex/texmfs/install/tex/generic/pgf/modules/pgfmoduleplot.cod
e.tex
File: pgfmoduleplot.code.tex 2015/08/03  (rcs-revision 1.13)
)
(/home/martina/.miktex/texmfs/install/tex/latex/pgf/compatibility/pgfcomp-versi
on-0-65.sty
Package: pgfcomp-version-0-65 2007/07/03 v3.0.1a (rcs-revision 1.7)
\pgf@nodesepstart=\dimen159
\pgf@nodesepend=\dimen160
)
(/home/martina/.miktex/texmfs/install/tex/latex/pgf/compatibility/pgfcomp-versi
on-1-18.sty
Package: pgfcomp-version-1-18 2007/07/23 v3.0.1a (rcs-revision 1.1)
))
(/home/martina/.miktex/texmfs/install/tex/latex/pgf/utilities/pgffor.sty
(/home/martina/.miktex/texmfs/install/tex/latex/pgf/utilities/pgfkeys.sty
(/home/martina/.miktex/texmfs/install/tex/generic/pgf/utilities/pgfkeys.code.te
x)) (/home/martina/.miktex/texmfs/install/tex/latex/pgf/math/pgfmath.sty
(/home/martina/.miktex/texmfs/install/tex/generic/pgf/math/pgfmath.code.tex))
(/home/martina/.miktex/texmfs/install/tex/generic/pgf/utilities/pgffor.code.tex
Package: pgffor 2013/12/13 v3.0.1a (rcs-revision 1.25)
(/home/martina/.miktex/texmfs/install/tex/generic/pgf/math/pgfmath.code.tex)
\pgffor@iter=\dimen161
\pgffor@skip=\dimen162
\pgffor@stack=\toks35
\pgffor@toks=\toks36
))
(/home/martina/.miktex/texmfs/install/tex/generic/pgf/frontendlayer/tikz/tikz.c
ode.tex
Package: tikz 2015/08/07 v3.0.1a (rcs-revision 1.151)

(/home/martina/.miktex/texmfs/install/tex/generic/pgf/libraries/pgflibraryploth
andlers.code.tex
File: pgflibraryplothandlers.code.tex 2013/08/31 v3.0.1a (rcs-revision 1.20)
\pgf@plot@mark@count=\count115
\pgfplotmarksize=\dimen163
)
\tikz@lastx=\dimen164
\tikz@lasty=\dimen165
\tikz@lastxsaved=\dimen166
\tikz@lastysaved=\dimen167
\tikzleveldistance=\dimen168
\tikzsiblingdistance=\dimen169
\tikz@figbox=\box37
\tikz@figbox@bg=\box38
\tikz@tempbox=\box39
\tikz@tempbox@bg=\box40
\tikztreelevel=\count116
\tikznumberofchildren=\count117
\tikznumberofcurrentchild=\count118
\tikz@fig@count=\count119

(/home/martina/.miktex/texmfs/install/tex/generic/pgf/modules/pgfmodulematrix.c
ode.tex
File: pgfmodulematrix.code.tex 2013/09/17  (rcs-revision 1.8)
\pgfmatrixcurrentrow=\count120
\pgfmatrixcurrentcolumn=\count121
\pgf@matrix@numberofcolumns=\count122
)
\tikz@expandcount=\count123

(/home/martina/.miktex/texmfs/install/tex/generic/pgf/frontendlayer/tikz/librar
ies/tikzlibrarytopaths.code.tex
File: tikzlibrarytopaths.code.tex 2008/06/17 v3.0.1a (rcs-revision 1.2)
)))
(/home/martina/.miktex/texmfs/install/tex/generic/pgf/frontendlayer/tikz/librar
ies/tikzlibraryarrows.code.tex
File: tikzlibraryarrows.code.tex 2008/01/09 v3.0.1a (rcs-revision 1.1)

(/home/martina/.miktex/texmfs/install/tex/generic/pgf/libraries/pgflibraryarrow
s.code.tex
File: pgflibraryarrows.code.tex 2013/09/23 v3.0.1a (rcs-revision 1.16)
\arrowsize=\dimen170
))
(/home/martina/.miktex/texmfs/install/tex/generic/pgf/frontendlayer/tikz/librar
ies/tikzlibraryshapes.gates.logic.US.code.tex
File: tikzlibraryshapes.gates.logic.US.code.tex 2008/01/25 v3.0.1a (rcs-revisio
n 1.1)

(/home/martina/.miktex/texmfs/install/tex/generic/pgf/libraries/shapes/circuits
/pgflibraryshapes.gates.logic.US.code.tex
(/home/martina/.miktex/texmfs/install/tex/generic/pgf/libraries/shapes/circuits
/pgflibraryshapes.gates.logic.code.tex)))
(/home/martina/.miktex/texmfs/install/tex/generic/pgf/frontendlayer/tikz/librar
ies/tikzlibrarycalc.code.tex
File: tikzlibrarycalc.code.tex 2013/07/15 v3.0.1a (rcs-revision 1.9)
)
(/home/martina/.miktex/texmfs/install/tex/generic/pgf/frontendlayer/tikz/librar
ies/tikzlibrarymatrix.code.tex
File: tikzlibrarymatrix.code.tex 2013/07/12 v3.0.1a (rcs-revision 1.4)
)
(/home/martina/.miktex/texmfs/install/tex/latex/fancyhdr/fancyhdr.sty
Package: fancyhdr 2017/06/30 v3.9a Extensive control of page headers and footer
s
\f@nch@headwidth=\skip48
\f@nch@O@elh=\skip49
\f@nch@O@erh=\skip50
\f@nch@O@olh=\skip51
\f@nch@O@orh=\skip52
\f@nch@O@elf=\skip53
\f@nch@O@erf=\skip54
\f@nch@O@olf=\skip55
\f@nch@O@orf=\skip56
)
(/home/martina/.miktex/texmfs/install/tex/latex/graphics/lscape.sty
Package: lscape 2000/10/22 v3.01 Landscape Pages (DPC)
)
(/home/martina/.miktex/texmfs/install/tex/latex/amsfonts/amssymb.sty
Package: amssymb 2013/01/14 v3.01 AMS font symbols

(/home/martina/.miktex/texmfs/install/tex/latex/amsfonts/amsfonts.sty
Package: amsfonts 2013/01/14 v3.01 Basic AMSFonts support
\symAMSa=\mathgroup7
\symAMSb=\mathgroup8
LaTeX Font Info:    Overwriting math alphabet `\mathfrak' in version `bold'
(Font)                  U/euf/m/n --> U/euf/b/n on input line 106.
LaTeX Font Info:    Redeclaring math symbol \square on input line 141.
)
LaTeX Font Info:    Redeclaring math symbol \blacksquare on input line 48.
LaTeX Font Info:    Redeclaring math symbol \vDash on input line 60.
LaTeX Font Info:    Redeclaring math symbol \leftleftarrows on input line 63.
LaTeX Font Info:    Redeclaring math symbol \rightrightarrows on input line 64.

LaTeX Font Info:    Redeclaring math symbol \leqslant on input line 101.
LaTeX Font Info:    Redeclaring math symbol \geqslant on input line 108.
LaTeX Font Info:    Redeclaring math symbol \blacktriangleright on input line 1
20.
LaTeX Font Info:    Redeclaring math symbol \blacktriangleleft on input line 12
1.
LaTeX Font Info:    Redeclaring math symbol \complement on input line 165.
LaTeX Font Info:    Redeclaring math symbol \intercal on input line 166.
LaTeX Font Info:    Redeclaring math symbol \nleqslant on input line 181.
LaTeX Font Info:    Redeclaring math symbol \ngeqslant on input line 182.
LaTeX Font Info:    Redeclaring math symbol \varsubsetneq on input line 203.
LaTeX Font Info:    Redeclaring math symbol \subsetneqq on input line 207.
LaTeX Font Info:    Redeclaring math symbol \nparallel on input line 215.
LaTeX Font Info:    Redeclaring math symbol \nvDash on input line 221.
LaTeX Font Info:    Redeclaring math symbol \nexists on input line 235.
LaTeX Font Info:    Redeclaring math symbol \smallsetminus on input line 251.
LaTeX Font Info:    Redeclaring math symbol \curvearrowleft on input line 257.
LaTeX Font Info:    Redeclaring math symbol \curvearrowright on input line 258.

LaTeX Font Info:    Redeclaring math symbol \varkappa on input line 260.
LaTeX Font Info:    Redeclaring math symbol \hslash on input line 262.
))
<<<<<<< HEAD
(/home/martina/.miktex/texmfs/install/tex/generic/babel/babel.sty
Package: babel 2018/09/02 3.23 The Babel package

(/home/martina/.miktex/texmfs/install/tex/generic/babel/switch.def
File: switch.def 2018/09/02 3.23 Babel switching mechanism
)
*************************************
* Local config file bblopts.cfg used
*
(/home/martina/.miktex/texmfs/install/tex/latex/arabi/bblopts.cfg
File: bblopts.cfg 2005/09/08 v0.1 add Arabic and Farsi to "declared" options of
 babel
=======
(/usr/share/texlive/texmf-dist/tex/generic/babel/babel.sty
Package: babel 2017/06/29 3.12 The Babel package

(/usr/share/texlive/texmf-dist/tex/generic/babel/switch.def
File: switch.def 2017/06/29 3.12 Babel switching mechanism
>>>>>>> 4ac8cb8abfdaefa9fe5282e169608f4bb4dc57e9
)
(/home/martina/.miktex/texmfs/install/tex/latex/babel-english/english.ldf
Language: english 2017/06/06 v3.3r English support from the babel system

<<<<<<< HEAD
(/home/martina/.miktex/texmfs/install/tex/generic/babel/babel.def
File: babel.def 2018/09/02 3.23 Babel common definitions
\babel@savecnt=\count124
\U@D=\dimen171

(/home/martina/.miktex/texmfs/install/tex/generic/babel/txtbabel.def)
\bbl@dirlevel=\count125
)
\l@british = a dialect from \language\l@english 
\l@UKenglish = a dialect from \language\l@english 
\l@american = a dialect from \language\l@english 
=======
(/usr/share/texlive/texmf-dist/tex/generic/babel/babel.def
File: babel.def 2017/06/29 3.12 Babel common definitions

(/usr/share/texlive/texmf-dist/tex/generic/babel/switch.def
File: switch.def 2017/06/29 3.12 Babel switching mechanism
)
\babel@savecnt=\count123
\U@D=\dimen171
)
>>>>>>> 4ac8cb8abfdaefa9fe5282e169608f4bb4dc57e9
\l@canadian = a dialect from \language\l@american 
\l@australian = a dialect from \language\l@british 
\l@newzealand = a dialect from \language\l@british 
))
<<<<<<< HEAD
(LatexParaTP/BaseKarnaugh.tex)
(/home/martina/.miktex/texmfs/install/tex/latex/listings/listings.sty
\lst@mode=\count126
\lst@gtempboxa=\box41
\lst@token=\toks37
\lst@length=\count127
\lst@currlwidth=\dimen172
\lst@column=\count128
\lst@pos=\count129
\lst@lostspace=\dimen173
\lst@width=\dimen174
\lst@newlines=\count130
\lst@lineno=\count131
\lst@maxwidth=\dimen175

(/home/martina/.miktex/texmfs/install/tex/latex/listings/lstmisc.sty
File: lstmisc.sty 2018/09/02 1.7 (Carsten Heinz)
\c@lstnumber=\count132
\lst@skipnumbers=\count133
=======
(./LatexParaTP/BaseKarnaugh.tex)
(/usr/share/texlive/texmf-dist/tex/latex/listings/listings.sty
\lst@mode=\count124
\lst@gtempboxa=\box41
\lst@token=\toks37
\lst@length=\count125
\lst@currlwidth=\dimen172
\lst@column=\count126
\lst@pos=\count127
\lst@lostspace=\dimen173
\lst@width=\dimen174
\lst@newlines=\count128
\lst@lineno=\count129
\lst@maxwidth=\dimen175

(/usr/share/texlive/texmf-dist/tex/latex/listings/lstmisc.sty
File: lstmisc.sty 2015/06/04 1.6 (Carsten Heinz)
\c@lstnumber=\count130
\lst@skipnumbers=\count131
>>>>>>> 4ac8cb8abfdaefa9fe5282e169608f4bb4dc57e9
\lst@framebox=\box42
)
(/home/martina/.miktex/texmfs/install/tex/latex/listings/listings.cfg
File: listings.cfg 2018/09/02 1.7 listings configuration
))
Package: listings 2018/09/02 1.7 (Carsten Heinz)

(report.aux)
\openout1 = `report.aux'.

LaTeX Font Info:    Checking defaults for OML/cmm/m/it on input line 8.
LaTeX Font Info:    ... okay on input line 8.
LaTeX Font Info:    Checking defaults for T1/cmr/m/n on input line 8.
LaTeX Font Info:    ... okay on input line 8.
LaTeX Font Info:    Checking defaults for OT1/cmr/m/n on input line 8.
LaTeX Font Info:    ... okay on input line 8.
LaTeX Font Info:    Checking defaults for OMS/cmsy/m/n on input line 8.
LaTeX Font Info:    ... okay on input line 8.
LaTeX Font Info:    Checking defaults for OMX/cmex/m/n on input line 8.
LaTeX Font Info:    ... okay on input line 8.
LaTeX Font Info:    Checking defaults for U/cmr/m/n on input line 8.
LaTeX Font Info:    ... okay on input line 8.
LaTeX Font Info:    Checking defaults for FML/futm/m/it on input line 8.
LaTeX Font Info:    Try loading font information for FML+futm on input line 8.
 (/home/martina/.miktex/texmfs/install/tex/latex/fourier/fmlfutm.fd
File: fmlfutm.fd 2004/10/30 Fontinst v1.926 font definitions for FML/futm.
)
LaTeX Font Info:    ... okay on input line 8.
LaTeX Font Info:    Checking defaults for FMS/futm/m/n on input line 8.
LaTeX Font Info:    Try loading font information for FMS+futm on input line 8.
 (/home/martina/.miktex/texmfs/install/tex/latex/fourier/fmsfutm.fd
File: fmsfutm.fd 2004/10/30 Fontinst v1.926 font definitions for FMS/futm.
)
LaTeX Font Info:    ... okay on input line 8.
LaTeX Font Info:    Checking defaults for FMX/futm/m/n on input line 8.
LaTeX Font Info:    Try loading font information for FMX+futm on input line 8.

(/home/martina/.miktex/texmfs/install/tex/latex/fourier/fmxfutm.fd
File: fmxfutm.fd futm-extension
)
LaTeX Font Info:    ... okay on input line 8.
LaTeX Font Info:    Checking defaults for TS1/cmr/m/n on input line 8.
LaTeX Font Info:    Try loading font information for TS1+cmr on input line 8.

(/home/martina/.miktex/texmfs/install/tex/latex/base/ts1cmr.fd
File: ts1cmr.fd 2014/09/29 v2.5h Standard LaTeX font definitions
)
LaTeX Font Info:    ... okay on input line 8.
LaTeX Font Info:    Try loading font information for T1+futs on input line 8.

(/home/martina/.miktex/texmfs/install/tex/latex/fourier/t1futs.fd
File: t1futs.fd 2004/03/02 Fontinst v1.926 font definitions for T1/futs.
)
LaTeX Font Info:    Redeclaring math symbol \iintop on input line 8.
LaTeX Font Info:    Redeclaring math symbol \iiintop on input line 8.
LaTeX Font Info:    Redeclaring math symbol \oiintop on input line 8.

*geometry* driver: auto-detecting
*geometry* detected driver: pdftex
*geometry* verbose mode - [ preamble ] result:
* driver: pdftex
* paper: a4paper
* layout: <same size as paper>
* layoutoffset:(h,v)=(0.0pt,0.0pt)
* modes: 
* h-part:(L,W,R)=(62.59596pt, 478.00641pt, 56.9055pt)
* v-part:(T,H,B)=(62.59596pt, 725.54538pt, 56.9055pt)
* \paperwidth=597.50787pt
* \paperheight=845.04684pt
* \textwidth=478.00641pt
* \textheight=725.54538pt
* \oddsidemargin=-9.67403pt
* \evensidemargin=-9.67403pt
* \topmargin=-46.67403pt
* \headheight=12.0pt
* \headsep=25.0pt
* \topskip=12.0pt
* \footskip=30.0pt
* \marginparwidth=35.0pt
* \marginparsep=10.0pt
* \columnsep=10.0pt
* \skip\footins=10.8pt plus 4.0pt minus 2.0pt
* \hoffset=0.0pt
* \voffset=0.0pt
* \mag=1000
* \@twocolumnfalse
* \@twosidefalse
* \@mparswitchfalse
* \@reversemarginfalse
* (1in=72.27pt=25.4mm, 1cm=28.453pt)

(/home/martina/.miktex/texmfs/install/tex/context/base/supp-pdf.mkii
[Loading MPS to PDF converter (version 2006.09.02).]
<<<<<<< HEAD
\scratchcounter=\count134
\scratchdimen=\dimen176
\scratchbox=\box43
\nofMPsegments=\count135
\nofMParguments=\count136
\everyMPshowfont=\toks38
\MPscratchCnt=\count137
\MPscratchDim=\dimen177
\MPnumerator=\count138
\makeMPintoPDFobject=\count139
=======
\scratchcounter=\count132
\scratchdimen=\dimen176
\scratchbox=\box43
\nofMPsegments=\count133
\nofMParguments=\count134
\everyMPshowfont=\toks38
\MPscratchCnt=\count135
\MPscratchDim=\dimen177
\MPnumerator=\count136
\makeMPintoPDFobject=\count137
>>>>>>> 4ac8cb8abfdaefa9fe5282e169608f4bb4dc57e9
\everyMPtoPDFconversion=\toks39
) (/home/martina/.miktex/texmfs/install/tex/latex/oberdiek/epstopdf-base.sty
Package: epstopdf-base 2016/05/15 v2.6 Base part for package epstopdf

(/home/martina/.miktex/texmfs/install/tex/latex/oberdiek/grfext.sty
Package: grfext 2016/05/16 v1.2 Manage graphics extensions (HO)

(/home/martina/.miktex/texmfs/install/tex/generic/oberdiek/kvdefinekeys.sty
Package: kvdefinekeys 2016/05/16 v1.4 Define keys (HO)
))
(/home/martina/.miktex/texmfs/install/tex/latex/oberdiek/kvoptions.sty
Package: kvoptions 2016/05/16 v3.12 Key value format for package options (HO)

(/home/martina/.miktex/texmfs/install/tex/generic/oberdiek/kvsetkeys.sty
Package: kvsetkeys 2016/05/16 v1.17 Key value parser (HO)
))
Package epstopdf-base Info: Redefining graphics rule for `.eps' on input line 4
38.
Package grfext Info: Graphics extension search list:
(grfext)             [.pdf,.png,.jpg,.mps,.jpeg,.jbig2,.jb2,.PDF,.PNG,.JPG,.JPE
G,.JBIG2,.JB2,.eps]
(grfext)             \AppendGraphicsExtensions on input line 456.
)
ABD: EveryShipout initializing macros
<<<<<<< HEAD
\c@lstlisting=\count140
 (LatexParaTP/CaratulaTP.tex
=======
\c@lstlisting=\count138
 (./LatexParaTP/CaratulaTP.tex
>>>>>>> 4ac8cb8abfdaefa9fe5282e169608f4bb4dc57e9
Overfull \hbox (5.69043pt too wide) in paragraph at lines 59--61
 [] 
 []


Overfull \hbox (5.69043pt too wide) in paragraph at lines 59--61
 [] 
 []

<LogoItba.jpg, id=4, 657.45625pt x 351.3125pt>
File: LogoItba.jpg Graphic file (type jpg)
<use LogoItba.jpg>
Package pdftex.def Info: LogoItba.jpg  used on input line 64. on input line 64.

Package pdftex.def Info: Requested size: 284.52756pt x 152.03705pt on input lin
e 64.
\titleWidth=\skip57
LaTeX Font Info:    Try loading font information for FML+futmi on input line 73
.
(/home/martina/.miktex/texmfs/install/tex/latex/fourier/fmlfutmi.fd
File: fmlfutmi.fd 2004/10/30 Fontinst v1.926 font definitions for FML/futmi.
)
LaTeX Font Info:    Font shape `FMX/futm/m/n' will be
(Font)              scaled to size 11.03998pt on input line 73.
LaTeX Font Info:    Font shape `FMX/futm/m/n' will be
(Font)              scaled to size 8.27998pt on input line 73.
LaTeX Font Info:    Font shape `FMX/futm/m/n' will be
(Font)              scaled to size 6.43999pt on input line 73.
LaTeX Font Info:    Font shape `U/futm/m/n' will be
(Font)              scaled to size 11.03998pt on input line 73.
LaTeX Font Info:    Font shape `U/futm/m/n' will be
(Font)              scaled to size 8.27998pt on input line 73.
LaTeX Font Info:    Font shape `U/futm/m/n' will be
(Font)              scaled to size 6.43999pt on input line 73.
LaTeX Font Info:    Try loading font information for U+esint on input line 73.

(/home/martina/.miktex/texmfs/install/tex/latex/esint/uesint.fd
File: uesint.fd 
)
LaTeX Font Info:    Try loading font information for U+msa on input line 73.

(/home/martina/.miktex/texmfs/install/tex/latex/amsfonts/umsa.fd
File: umsa.fd 2013/01/14 v3.01 AMS symbols A
)
LaTeX Font Info:    Try loading font information for U+msb on input line 73.

(/home/martina/.miktex/texmfs/install/tex/latex/amsfonts/umsb.fd
File: umsb.fd 2013/01/14 v3.01 AMS symbols B
)
Overfull \hbox (5.69043pt too wide) in paragraph at lines 62--106
 []$[]$ 
 []


Overfull \hbox (5.69043pt too wide) in paragraph at lines 107--109
 [][] 
 []


Overfull \hbox (5.69043pt too wide) in paragraph at lines 107--109
 [] 
 []

[1

{/home/martina/.miktex/texmfs/data/pdftex/config/pdftex.map} <./LogoItba.jpg>])
 (doc/ej1.tex
LaTeX Font Info:    Font shape `T1/futs/bx/n' in size <17.28> not available
(Font)              Font shape `T1/futs/b/n' tried instead on input line 2.
<data/1total.png, id=12, 633.19774pt x 250.04366pt>
File: data/1total.png Graphic file (type png)
<use data/1total.png>
<<<<<<< HEAD
Package pdftex.def Info: data/1total.png  used on input line 8.
(pdftex.def)             Requested size: 386.95894pt x 152.80492pt.
=======
Package pdftex.def Info: data/1total.png  used on input line 8. on input line 8
.
Package pdftex.def Info: Requested size: 386.95894pt x 152.80492pt on input lin
e 8.
<data/imax1.png, id=15, 1027.84pt x 825.0825pt>
File: data/imax1.png Graphic file (type png)
<use data/imax1.png>
Package pdftex.def Info: data/imax1.png  used on input line 18. on input line 1
8.
Package pdftex.def Info: Requested size: 234.73576pt x 227.6223pt on input line
 18.
>>>>>>> 4ac8cb8abfdaefa9fe5282e169608f4bb4dc57e9


Package Fancyhdr Warning: \headheight is too small (14.22636pt): 
 Make it at least 14.49998pt.
 We now make it that large for the rest of the document.
 This may cause the page layout to be inconsistent, however.

[1 <./data/1total.png>]
<data/xy_ttl_bjt.png, id=19, 1027.84pt x 825.0825pt>
File: data/xy_ttl_bjt.png Graphic file (type png)
<use data/xy_ttl_bjt.png>
<<<<<<< HEAD
Package pdftex.def Info: data/xy_ttl_bjt.png  used on input line 22.
(pdftex.def)             Requested size: 234.73576pt x 227.6223pt.

Overfull \hbox (0.433pt too wide) in paragraph at lines 27--28
[]\T1/futs/m/n/12 As is shown in the picture, the values we are looking for are
 found in the ponts where the derivative
 []

<data/imax1.png, id=20, 1027.84pt x 825.0825pt>
File: data/imax1.png Graphic file (type png)
<use data/imax1.png>
Package pdftex.def Info: data/imax1.png  used on input line 59.
(pdftex.def)             Requested size: 234.73576pt x 227.6223pt.
[2 <./data/xy_ttl_bjt.png>]
=======
Package pdftex.def Info: data/xy_ttl_bjt.png  used on input line 29. on input l
ine 29.
Package pdftex.def Info: Requested size: 234.73576pt x 227.6223pt on input line
 29.
>>>>>>> 4ac8cb8abfdaefa9fe5282e169608f4bb4dc57e9
LaTeX Font Info:    Font shape `T1/futs/bx/n' in size <14.4> not available
(Font)              Font shape `T1/futs/b/n' tried instead on input line 65.
 [3 <./data/imax1.png (PNG copy)>]) (doc/ej2.tex
[4]
Overfull \hbox (19.01057pt too wide) in paragraph at lines 6--9
\T1/futs/m/n/12 CMOS technology, incompatible with TTL circuits. HCT family: si
milar to HC but they are compatible
 []


Overfull \hbox (7.83699pt too wide) in paragraph at lines 34--43
\T1/futs/m/n/12 Another fundamental aspect that must be taken into account is t
he maximum current that provides
 []


Underfull \hbox (badness 10000) in paragraph at lines 46--54

 []


doc/ej2.tex:56: LaTeX Error: There's no line here to end.

See the LaTeX manual or LaTeX Companion for explanation.
Type  H <return>  for immediate help
Your command was ignored.
Type  I <command> <return>  to replace it with another command,
or  <return>  to continue without it.

<<<<<<< HEAD
[5]) (doc/ej3.tex [6]
<data/karnaugh.pdf, id=37, 143.81027pt x 91.87123pt>
File: data/karnaugh.pdf Graphic file (type pdf)
<use data/karnaugh.pdf>
Package pdftex.def Info: data/karnaugh.pdf  used on input line 17.
(pdftex.def)             Requested size: 143.8099pt x 91.87099pt.

Overfull \hbox (18.13701pt too wide) in paragraph at lines 116--122
\T1/futs/m/n/12 Sometimes propagation delays cause unexpected and unwanted tran
sitions in the ouput. Depending
 []

LaTeX Font Info:    Font shape `T1/futs/bx/n' in size <12> not available
(Font)              Font shape `T1/futs/b/n' tried instead on input line 127.

LaTeX Warning: Reference `fig:KarnaughMap' on page 7 undefined on input line 12
7.

[7 <./data/karnaugh.pdf>]
<data/hazard.png, id=47, 457.71pt x 283.0575pt>
File: data/hazard.png Graphic file (type png)
<use data/hazard.png>
Package pdftex.def Info: data/hazard.png  used on input line 131.
(pdftex.def)             Requested size: 217.6621pt x 134.60486pt.
<data/glitch.png, id=48, 363.3575pt x 454.69875pt>
File: data/glitch.png Graphic file (type png)
<use data/glitch.png>
Package pdftex.def Info: data/glitch.png  used on input line 146.
(pdftex.def)             Requested size: 170.71706pt x 227.62633pt.


LaTeX Warning: Reference `fig:proptime' on page 8 undefined on input line 151.

[8 <./data/hazard.png> <./data/glitch.png>]
<data/000to001.png, id=54, 1027.84pt x 825.0825pt>
File: data/000to001.png Graphic file (type png)
<use data/000to001.png>
Package pdftex.def Info: data/000to001.png  used on input line 161.
(pdftex.def)             Requested size: 217.6621pt x 174.72026pt.
<data/000to001_11.png, id=55, 1027.84pt x 825.0825pt>
File: data/000to001_11.png Graphic file (type png)
<use data/000to001_11.png>
Package pdftex.def Info: data/000to001_11.png  used on input line 162.
(pdftex.def)             Requested size: 217.6621pt x 174.72026pt.


LaTeX Warning: Reference `fig:measure_dynamic' on page 9 undefined on input lin
e 168.

<data/001to011.png, id=56, 1027.84pt x 825.0825pt>
File: data/001to011.png Graphic file (type png)
<use data/001to011.png>
Package pdftex.def Info: data/001to011.png  used on input line 173.
(pdftex.def)             Requested size: 217.6621pt x 174.72026pt.

LaTeX Warning: Reference `fig:measure_static' on page 9 undefined on input line
 178.

<data/karnaugh_improved.pdf, id=57, 143.81027pt x 91.87123pt>
File: data/karnaugh_improved.pdf Graphic file (type pdf)
<use data/karnaugh_improved.pdf>
Package pdftex.def Info: data/karnaugh_improved.pdf  used on input line 187.
(pdftex.def)             Requested size: 143.8099pt x 91.87099pt.
[9 <./data/000to001.png (PNG copy)> <./data/000to001_11.png (PNG copy)> <./data
/001to011.png (PNG copy)>]) (doc/ej4.tex [10 <./data/karnaugh_improved.pdf>]
<data/circuitLED.PDF, id=68, 404.88263pt x 368.74763pt>
File: data/circuitLED.PDF Graphic file (type pdf)
<use data/circuitLED.PDF>
Package pdftex.def Info: data/circuitLED.PDF  used on input line 13.
(pdftex.def)             Requested size: 338.5863pt x 308.37299pt.

[11 <./data/circuitLED.PDF>]
=======
[4]) (./doc/ej3.tex [5]
<data/karnaugh.pdf, id=34, pagebox=cropbox, 143.81027pt x 91.87123pt>
File: data/karnaugh.pdf Graphic file (type pdf)
<use data/karnaugh.pdf>
Package pdftex.def Info: data/karnaugh.pdf  used on input line 17. on input lin
e 17.
Package pdftex.def Info: Requested size: 143.8099pt x 91.87099pt on input line 
17.
 [6 <./data/karnaugh.pdf>]
<data/hazard.png, id=45, 457.71pt x 283.0575pt>
File: data/hazard.png Graphic file (type png)
<use data/hazard.png>
Package pdftex.def Info: data/hazard.png  used on input line 131. on input line
 131.
Package pdftex.def Info: Requested size: 217.6621pt x 134.60486pt on input line
 131.
<data/glitch.png, id=46, 363.3575pt x 454.69875pt>
File: data/glitch.png Graphic file (type png)
<use data/glitch.png>
Package pdftex.def Info: data/glitch.png  used on input line 146. on input line
 146.
Package pdftex.def Info: Requested size: 170.71706pt x 227.62633pt on input lin
e 146.
 [7 <./data/hazard.png> <./data/glitch.png>]
<data/000to001.png, id=52, 1027.84pt x 825.0825pt>
File: data/000to001.png Graphic file (type png)
<use data/000to001.png>
Package pdftex.def Info: data/000to001.png  used on input line 161. on input li
ne 161.
Package pdftex.def Info: Requested size: 217.6621pt x 174.72026pt on input line
 161.
<data/000to001_11.png, id=53, 1027.84pt x 825.0825pt>
File: data/000to001_11.png Graphic file (type png)
<use data/000to001_11.png>
Package pdftex.def Info: data/000to001_11.png  used on input line 162. on input
 line 162.
Package pdftex.def Info: Requested size: 217.6621pt x 174.72026pt on input line
 162.
<data/001to011.png, id=54, 1027.84pt x 825.0825pt>
File: data/001to011.png Graphic file (type png)
<use data/001to011.png>
Package pdftex.def Info: data/001to011.png  used on input line 173. on input li
ne 173.
Package pdftex.def Info: Requested size: 217.6621pt x 174.72026pt on input line
 173.
<data/karnaugh_improved.pdf, id=55, pagebox=cropbox, 143.81027pt x 91.87123pt>
File: data/karnaugh_improved.pdf Graphic file (type pdf)
<use data/karnaugh_improved.pdf>
Package pdftex.def Info: data/karnaugh_improved.pdf  used on input line 187. on
 input line 187.
Package pdftex.def Info: Requested size: 143.8099pt x 91.87099pt on input line 
187.
 [8 <./data/000to001.png (PNG copy)> <./data/000to001_11.png (PNG copy)> <./dat
a/001to011.png (PNG copy)>]) (./doc/ej4.tex [9 <./data/karnaugh_improved.pdf>]
<data/circuitLED.PDF, id=66, pagebox=cropbox, 404.88263pt x 368.74763pt>
File: data/circuitLED.PDF Graphic file (type pdf)
<use data/circuitLED.PDF>
Package pdftex.def Info: data/circuitLED.PDF  used on input line 13. on input l
ine 13.
Package pdftex.def Info: Requested size: 338.5863pt x 308.37299pt on input line
 13.
 [10 <./data/circuitLED.PDF>]
>>>>>>> 4ac8cb8abfdaefa9fe5282e169608f4bb4dc57e9
Underfull \hbox (badness 10000) in paragraph at lines 45--48

 []

<data/ej4_gate1.png, id=76, 1027.84pt x 825.0825pt>
File: data/ej4_gate1.png Graphic file (type png)
<use data/ej4_gate1.png>
<<<<<<< HEAD
Package pdftex.def Info: data/ej4_gate1.png  used on input line 51.
(pdftex.def)             Requested size: 237.0141pt x 190.25598pt.
<data/ej4_circuit.png, id=77, 1027.84pt x 825.0825pt>
File: data/ej4_circuit.png Graphic file (type png)
<use data/ej4_circuit.png>
Package pdftex.def Info: data/ej4_circuit.png  used on input line 52.
(pdftex.def)             Requested size: 237.0141pt x 190.25598pt.
<data/ej4_circuit100k1.png, id=78, 1027.84pt x 825.0825pt>
File: data/ej4_circuit100k1.png Graphic file (type png)
<use data/ej4_circuit100k1.png>
Package pdftex.def Info: data/ej4_circuit100k1.png  used on input line 74.
(pdftex.def)             Requested size: 237.0141pt x 190.25598pt.
<data/ej4_circuit100kcap.png, id=79, 1027.84pt x 825.0825pt>
File: data/ej4_circuit100kcap.png Graphic file (type png)
<use data/ej4_circuit100kcap.png>
Package pdftex.def Info: data/ej4_circuit100kcap.png  used on input line 75.
(pdftex.def)             Requested size: 237.0141pt x 190.25598pt.
[12 <./data/ej4_gate1.png (PNG copy)> <./data/ej4_circuit.png (PNG copy)> <./da
=======
Package pdftex.def Info: data/ej4_gate1.png  used on input line 51. on input li
ne 51.
Package pdftex.def Info: Requested size: 237.0141pt x 190.25598pt on input line
 51.
<data/ej4_circuit.png, id=75, 1027.84pt x 825.0825pt>
File: data/ej4_circuit.png Graphic file (type png)
<use data/ej4_circuit.png>
Package pdftex.def Info: data/ej4_circuit.png  used on input line 52. on input 
line 52.
Package pdftex.def Info: Requested size: 237.0141pt x 190.25598pt on input line
 52.
<data/ej4_circuit100k1.png, id=76, 1027.84pt x 825.0825pt>
File: data/ej4_circuit100k1.png Graphic file (type png)
<use data/ej4_circuit100k1.png>
Package pdftex.def Info: data/ej4_circuit100k1.png  used on input line 74. on i
nput line 74.
Package pdftex.def Info: Requested size: 237.0141pt x 190.25598pt on input line
 74.
<data/ej4_circuit100kcap.png, id=77, 1027.84pt x 825.0825pt>
File: data/ej4_circuit100kcap.png Graphic file (type png)
<use data/ej4_circuit100kcap.png>
Package pdftex.def Info: data/ej4_circuit100kcap.png  used on input line 75. on
 input line 75.
Package pdftex.def Info: Requested size: 237.0141pt x 190.25598pt on input line
 75.
[11 <./data/ej4_gate1.png (PNG copy)> <./data/ej4_circuit.png (PNG copy)> <./da
>>>>>>> 4ac8cb8abfdaefa9fe5282e169608f4bb4dc57e9
ta/ej4_circuit100k1.png (PNG copy)> <./data/ej4_circuit100kcap.png (PNG copy)>]
<data/ej4_circuit100ksinc.png, id=84, 1027.84pt x 825.0825pt>
File: data/ej4_circuit100ksinc.png Graphic file (type png)
<use data/ej4_circuit100ksinc.png>
<<<<<<< HEAD
Package pdftex.def Info: data/ej4_circuit100ksinc.png  used on input line 88.
(pdftex.def)             Requested size: 237.0141pt x 190.25598pt.
<data/ej4_circuit100kconc1.png, id=85, 1027.84pt x 825.0825pt>
File: data/ej4_circuit100kconc1.png Graphic file (type png)
<use data/ej4_circuit100kconc1.png>
Package pdftex.def Info: data/ej4_circuit100kconc1.png  used on input line 89.
(pdftex.def)             Requested size: 237.0141pt x 190.25598pt.
) (doc/ej5.tex [13 <./data/ej4_circuit100ksinc.png (PNG copy)> <./data/ej4_circ
uit100kconc1.png (PNG copy)>]
<data/TTL_EJ5.png, id=89, 360.1455pt x 193.32225pt>
File: data/TTL_EJ5.png Graphic file (type png)
<use data/TTL_EJ5.png>
Package pdftex.def Info: data/TTL_EJ5.png  used on input line 9.
(pdftex.def)             Requested size: 145.11052pt x 77.89389pt.
<data/CMOS_EJ5.png, id=90, 361.35pt x 246.32025pt>
File: data/CMOS_EJ5.png Graphic file (type png)
<use data/CMOS_EJ5.png>
Package pdftex.def Info: data/CMOS_EJ5.png  used on input line 10.
(pdftex.def)             Requested size: 145.11052pt x 98.91724pt.
<data/MIX_EJ5.png, id=91, 962.99776pt x 390.86024pt>
File: data/MIX_EJ5.png Graphic file (type png)
<use data/MIX_EJ5.png>
Package pdftex.def Info: data/MIX_EJ5.png  used on input line 30.
(pdftex.def)             Requested size: 338.5863pt x 137.42339pt.
 [14 <./data/TTL_EJ5.png> <./data/CMOS_EJ5.png> <./data/MIX_EJ5.png>]
<data/MIXFIX_EJ5.png, id=95, 643.203pt x 490.83376pt>
File: data/MIXFIX_EJ5.png Graphic file (type png)
<use data/MIXFIX_EJ5.png>
Package pdftex.def Info: data/MIXFIX_EJ5.png  used on input line 47.
(pdftex.def)             Requested size: 193.47577pt x 147.64072pt.
) (doc/ej6.tex [15 <./data/MIXFIX_EJ5.png>]
<data/latchSR.PDF, id=99, 224.20763pt x 151.93764pt>
=======
Package pdftex.def Info: data/ej4_circuit100ksinc.png  used on input line 88. o
n input line 88.
Package pdftex.def Info: Requested size: 237.0141pt x 190.25598pt on input line
 88.
<data/ej4_circuit100kconc1.png, id=82, 1027.84pt x 825.0825pt>
File: data/ej4_circuit100kconc1.png Graphic file (type png)
<use data/ej4_circuit100kconc1.png>
Package pdftex.def Info: data/ej4_circuit100kconc1.png  used on input line 89. 
on input line 89.
Package pdftex.def Info: Requested size: 237.0141pt x 190.25598pt on input line
 89.
) (./doc/ej5.tex [12 <./data/ej4_circuit100ksinc.png (PNG copy)> <./data/ej4_ci
rcuit100kconc1.png (PNG copy)>]
<data/TTL_EJ5.png, id=87, 360.1455pt x 193.32225pt>
File: data/TTL_EJ5.png Graphic file (type png)
<use data/TTL_EJ5.png>
Package pdftex.def Info: data/TTL_EJ5.png  used on input line 9. on input line 
9.
Package pdftex.def Info: Requested size: 145.11052pt x 77.89389pt on input line
 9.
<data/CMOS_EJ5.png, id=88, 361.35pt x 246.32025pt>
File: data/CMOS_EJ5.png Graphic file (type png)
<use data/CMOS_EJ5.png>
Package pdftex.def Info: data/CMOS_EJ5.png  used on input line 10. on input lin
e 10.
Package pdftex.def Info: Requested size: 145.11052pt x 98.91724pt on input line
 10.
<data/MIX_EJ5.png, id=89, 962.99776pt x 390.86024pt>
File: data/MIX_EJ5.png Graphic file (type png)
<use data/MIX_EJ5.png>
Package pdftex.def Info: data/MIX_EJ5.png  used on input line 30. on input line
 30.
Package pdftex.def Info: Requested size: 338.5863pt x 137.42339pt on input line
 30.
 [13 <./data/TTL_EJ5.png> <./data/CMOS_EJ5.png> <./data/MIX_EJ5.png>]
<data/MIXFIX_EJ5.png, id=93, 643.203pt x 490.83376pt>
File: data/MIXFIX_EJ5.png Graphic file (type png)
<use data/MIXFIX_EJ5.png>
Package pdftex.def Info: data/MIXFIX_EJ5.png  used on input line 47. on input l
ine 47.
Package pdftex.def Info: Requested size: 193.47577pt x 147.64072pt on input lin
e 47.
) (./doc/ej6.tex [14 <./data/MIXFIX_EJ5.png>]
<data/latchSR.PDF, id=97, pagebox=cropbox, 224.20763pt x 151.93764pt>
>>>>>>> 4ac8cb8abfdaefa9fe5282e169608f4bb4dc57e9
File: data/latchSR.PDF Graphic file (type pdf)
<use data/latchSR.PDF>
Package pdftex.def Info: data/latchSR.PDF  used on input line 14. on input line
 14.
Package pdftex.def Info: Requested size: 241.84842pt x 163.89313pt on input lin
e 14.
LaTeX Font Info:    Font shape `FMX/futm/m/n' will be
(Font)              scaled to size 9.19998pt on input line 20.
LaTeX Font Info:    Font shape `FMX/futm/m/n' will be
(Font)              scaled to size 6.99199pt on input line 20.
LaTeX Font Info:    Font shape `FMX/futm/m/n' will be
(Font)              scaled to size 5.51999pt on input line 20.
LaTeX Font Info:    Font shape `U/futm/m/n' will be
(Font)              scaled to size 9.19998pt on input line 20.
LaTeX Font Info:    Font shape `U/futm/m/n' will be
(Font)              scaled to size 6.99199pt on input line 20.
LaTeX Font Info:    Font shape `U/futm/m/n' will be
(Font)              scaled to size 5.51999pt on input line 20.
<<<<<<< HEAD

Overfull \hbox (3.89989pt too wide) in paragraph at lines 43--51
\T1/futs/m/n/12 On the other side, with the Quad-NOT gate IC 74HC02 only two la
tches can be built, in comparison
 []

[16 <./data/latchSR.PDF>]
<data/dflipflop.pdf, id=107, 549.42264pt x 296.47763pt>
File: data/dflipflop.pdf Graphic file (type pdf)
<use data/dflipflop.pdf>
Package pdftex.def Info: data/dflipflop.pdf  used on input line 59.
(pdftex.def)             Requested size: 386.95894pt x 208.81316pt.
) (doc/ej7.tex [17 <./data/dflipflop.pdf>]
<data/async.png, id=115, 471.2299pt x 111.72353pt>
=======
 [15 <./data/latchSR.PDF>]
<data/dflipflop.pdf, id=105, pagebox=cropbox, 549.42264pt x 296.47763pt>
File: data/dflipflop.pdf Graphic file (type pdf)
<use data/dflipflop.pdf>
Package pdftex.def Info: data/dflipflop.pdf  used on input line 59. on input li
ne 59.
Package pdftex.def Info: Requested size: 386.95894pt x 208.81316pt on input lin
e 59.
) (./doc/ej7.tex [16 <./data/dflipflop.pdf>]
<data/async.png, id=113, 471.2299pt x 111.72353pt>
>>>>>>> 4ac8cb8abfdaefa9fe5282e169608f4bb4dc57e9
File: data/async.png Graphic file (type png)
<use data/async.png>
Package pdftex.def Info: data/async.png  used on input line 11. on input line 1
1.
Package pdftex.def Info: Requested size: 483.69684pt x 114.68098pt on input lin
e 11.

Overfull \hbox (5.69043pt too wide) in paragraph at lines 11--12
 [][] 
 []

<data/sync.png, id=116, 461.15143pt x 157.19954pt>
File: data/sync.png Graphic file (type png)
<use data/sync.png>
Package pdftex.def Info: data/sync.png  used on input line 27. on input line 27
.
Package pdftex.def Info: Requested size: 483.69684pt x 164.89166pt on input lin
e 27.

Overfull \hbox (5.69043pt too wide) in paragraph at lines 27--28
 [][] 
 []

[18 <./data/async.png> <./data/sync.png>]
<data/asinc_contador06.png, id=123, 1027.84pt x 825.0825pt>
File: data/asinc_contador06.png Graphic file (type png)
<use data/asinc_contador06.png>
<<<<<<< HEAD
Package pdftex.def Info: data/asinc_contador06.png  used on input line 40.
(pdftex.def)             Requested size: 217.6621pt x 174.72026pt.
<data/_sinc_contador07.png, id=124, 1027.84pt x 825.0825pt>
File: data/_sinc_contador07.png Graphic file (type png)
<use data/_sinc_contador07.png>
Package pdftex.def Info: data/_sinc_contador07.png  used on input line 41.
(pdftex.def)             Requested size: 217.6621pt x 174.72026pt.
) (doc/ej8.tex [19 <./data/asinc_contador06.png (PNG copy)> <./data/_sinc_conta
dor07.png (PNG copy)>]
<data/blockDiagram.png, id=128, 1154.81438pt x 350.05782pt>
=======
Package pdftex.def Info: data/asinc_contador06.png  used on input line 40. on i
nput line 40.
Package pdftex.def Info: Requested size: 217.6621pt x 174.72026pt on input line
 40.
<data/_sinc_contador07.png, id=121, 1027.84pt x 825.0825pt>
File: data/_sinc_contador07.png Graphic file (type png)
<use data/_sinc_contador07.png>
Package pdftex.def Info: data/_sinc_contador07.png  used on input line 41. on i
nput line 41.
Package pdftex.def Info: Requested size: 217.6621pt x 174.72026pt on input line
 41.
) (./doc/ej8.tex [18 <./data/asinc_contador06.png (PNG copy)> <./data/_sinc_con
tador07.png (PNG copy)>]
<data/blockDiagram.png, id=126, 1154.81438pt x 350.05782pt>
>>>>>>> 4ac8cb8abfdaefa9fe5282e169608f4bb4dc57e9
File: data/blockDiagram.png Graphic file (type png)
<use data/blockDiagram.png>
Package pdftex.def Info: data/blockDiagram.png  used on input line 13. on input
 line 13.
Package pdftex.def Info: Requested size: 483.69684pt x 146.62267pt on input lin
e 13.

Overfull \hbox (5.69043pt too wide) in paragraph at lines 13--14
 [][] 
 []

<data/trigerEnable_Time.png, id=129, 285.2256pt x 145.14224pt>
File: data/trigerEnable_Time.png Graphic file (type png)
<use data/trigerEnable_Time.png>
<<<<<<< HEAD
Package pdftex.def Info: data/trigerEnable_Time.png  used on input line 35.
(pdftex.def)             Requested size: 338.5863pt x 172.29839pt.
[20 <./data/blockDiagram.png> <./data/trigerEnable_Time.png>]
<data/trig_enable.png, id=135, 1011.17775pt x 510.10574pt>
=======
Package pdftex.def Info: data/trigerEnable_Time.png  used on input line 35. on 
input line 35.
Package pdftex.def Info: Requested size: 338.5863pt x 172.29839pt on input line
 35.
[19 <./data/blockDiagram.png> <./data/trigerEnable_Time.png>]
<data/trig_enable.png, id=133, 1011.17775pt x 510.10574pt>
>>>>>>> 4ac8cb8abfdaefa9fe5282e169608f4bb4dc57e9
File: data/trig_enable.png Graphic file (type png)
<use data/trig_enable.png>
Package pdftex.def Info: data/trig_enable.png  used on input line 47. on input 
line 47.
Package pdftex.def Info: Requested size: 483.69684pt x 244.00734pt on input lin
e 47.

Overfull \hbox (5.69043pt too wide) in paragraph at lines 47--48
 [][] 
 []

<data/CLK_time.png, id=136, 289.20045pt x 84.91725pt>
File: data/CLK_time.png Graphic file (type png)
<use data/CLK_time.png>
<<<<<<< HEAD
Package pdftex.def Info: data/CLK_time.png  used on input line 76.
(pdftex.def)             Requested size: 314.39998pt x 92.31955pt.
[21 <./data/trig_enable.png>]
<data/Unit_Detector.png, id=141, 404.10976pt x 107.2005pt>
File: data/Unit_Detector.png Graphic file (type png)
<use data/Unit_Detector.png>
Package pdftex.def Info: data/Unit_Detector.png  used on input line 86.
(pdftex.def)             Requested size: 290.22105pt x 76.99127pt.
<data/Unit_Counter.png, id=142, 457.71pt x 377.61075pt>
File: data/Unit_Counter.png Graphic file (type png)
<use data/Unit_Counter.png>
Package pdftex.def Info: data/Unit_Counter.png  used on input line 103.
(pdftex.def)             Requested size: 241.84842pt x 199.52197pt.
 [22 <./data/CLK_time.png> <./data/Unit_Detector.png> <./data/Unit_Counter.png>
=======
Package pdftex.def Info: data/CLK_time.png  used on input line 76. on input lin
e 76.
Package pdftex.def Info: Requested size: 314.39998pt x 92.31955pt on input line
 76.
[20 <./data/trig_enable.png>]
<data/Unit_Detector.png, id=139, 404.10976pt x 107.2005pt>
File: data/Unit_Detector.png Graphic file (type png)
<use data/Unit_Detector.png>
Package pdftex.def Info: data/Unit_Detector.png  used on input line 86. on inpu
t line 86.
Package pdftex.def Info: Requested size: 290.22105pt x 76.99127pt on input line
 86.
<data/Unit_Counter.png, id=140, 457.71pt x 377.61075pt>
File: data/Unit_Counter.png Graphic file (type png)
<use data/Unit_Counter.png>
Package pdftex.def Info: data/Unit_Counter.png  used on input line 103. on inpu
t line 103.
Package pdftex.def Info: Requested size: 241.84842pt x 199.52197pt on input lin
e 103.
 [21 <./data/CLK_time.png> <./data/Unit_Detector.png> <./data/Unit_Counter.png>
>>>>>>> 4ac8cb8abfdaefa9fe5282e169608f4bb4dc57e9
]
<data/Meas_End.png, id=147, 1043.69925pt x 143.93774pt>
File: data/Meas_End.png Graphic file (type png)
<use data/Meas_End.png>
Package pdftex.def Info: data/Meas_End.png  used on input line 116. on input li
ne 116.
Package pdftex.def Info: Requested size: 483.69684pt x 66.70633pt on input line
 116.

Overfull \hbox (5.69043pt too wide) in paragraph at lines 116--117
 [][] 
 []

<data/pullDown_Switch.png, id=148, 423.38174pt x 211.38976pt>
File: data/pullDown_Switch.png Graphic file (type png)
<use data/pullDown_Switch.png>
<<<<<<< HEAD
Package pdftex.def Info: data/pullDown_Switch.png  used on input line 132.
(pdftex.def)             Requested size: 241.84842pt x 120.75143pt.
<data/trigger_enable.png, id=149, 483.8075pt x 171.64125pt>
File: data/trigger_enable.png Graphic file (type png)
<use data/trigger_enable.png>
Package pdftex.def Info: data/trigger_enable.png  used on input line 140.
(pdftex.def)             Requested size: 241.84842pt x 85.80206pt.
[23 <./data/Meas_End.png> <./data/pullDown_Switch.png> <./data/trigger_enable.p
=======
Package pdftex.def Info: data/pullDown_Switch.png  used on input line 132. on i
nput line 132.
Package pdftex.def Info: Requested size: 241.84842pt x 120.75143pt on input lin
e 132.
LaTeX Font Info:    Font shape `T1/futs/bx/n' in size <12> not available
(Font)              Font shape `T1/futs/b/n' tried instead on input line 137.
<data/trigger_enable.png, id=147, 483.8075pt x 171.64125pt>
File: data/trigger_enable.png Graphic file (type png)
<use data/trigger_enable.png>
Package pdftex.def Info: data/trigger_enable.png  used on input line 140. on in
put line 140.
Package pdftex.def Info: Requested size: 241.84842pt x 85.80206pt on input line
 140.
[22 <./data/Meas_End.png> <./data/pullDown_Switch.png> <./data/trigger_enable.p
>>>>>>> 4ac8cb8abfdaefa9fe5282e169608f4bb4dc57e9
ng>]
<data/Transistor_LogicLED.png, id=154, 793.16325pt x 374.5995pt>
File: data/Transistor_LogicLED.png Graphic file (type png)
<use data/Transistor_LogicLED.png>
<<<<<<< HEAD
Package pdftex.def Info: data/Transistor_LogicLED.png  used on input line 160.
(pdftex.def)             Requested size: 435.32419pt x 205.59595pt.

Overfull \hbox (5.41302pt too wide) in paragraph at lines 168--175
\T1/futs/m/n/12 detector is used in decade counters implemented with CD4033, be
cause their out pins are decoded
 []

<data/Display.png, id=155, 403.5075pt x 504.08325pt>
=======
Package pdftex.def Info: data/Transistor_LogicLED.png  used on input line 160. 
on input line 160.
Package pdftex.def Info: Requested size: 435.32419pt x 205.59595pt on input lin
e 160.
<data/Display.png, id=153, 403.5075pt x 504.08325pt>
>>>>>>> 4ac8cb8abfdaefa9fe5282e169608f4bb4dc57e9
File: data/Display.png Graphic file (type png)
<use data/Display.png>
Package pdftex.def Info: data/Display.png  used on input line 178. on input lin
e 178.
Package pdftex.def Info: Requested size: 483.69684pt x 604.26616pt on input lin
e 178.

Overfull \hbox (5.69043pt too wide) in paragraph at lines 178--179
 [][] 
 []

[24 <./data/Transistor_LogicLED.png>] [25 <./data/Display.png>]) [26]
(report.aux)

LaTeX Warning: There were undefined references.


LaTeX Warning: Label(s) may have changed. Rerun to get cross-references right.

 ) 
Here is how much of TeX's memory you used:
<<<<<<< HEAD
 17307 strings out of 494891
 333007 string characters out of 3178554
 370768 words of memory out of 3000000
 20444 multiletter control sequences out of 15000+200000
 91103 words of font info for 109 fonts, out of 3000000 for 9000
 0 hyphenation exceptions out of 8191
 57i,12n,55p,475b,762s stack positions out of 5000i,500n,10000p,200000b,50000s
{/home/martina/.miktex/texmfs/install/fonts/enc/dvips/base/8r.enc}</home/mart
ina/.miktex/texmfs/install/fonts/type1/public/amsfonts/cm/cmr10.pfb></home/mart
ina/.miktex/texmfs/install/fonts/type1/public/fourier/fourier-ml.pfb></home/mar
tina/.miktex/texmfs/install/fonts/type1/public/fourier/fourier-mlit.pfb></home/
martina/.miktex/texmfs/install/fonts/type1/public/fourier/fourier-ms.pfb></home
/martina/.miktex/texmfs/install/fonts/type1/adobe/utopia/putb8a.pfb></home/mart
ina/.miktex/texmfs/install/fonts/type1/adobe/utopia/putr8a.pfb></home/martina/.
miktex/texmfs/install/fonts/type1/adobe/utopia/putri8a.pfb>
Output written on report.pdf (27 pages, 1503471 bytes).
=======
 17522 strings out of 494813
 331256 string characters out of 6178109
 365454 words of memory out of 5000000
 20352 multiletter control sequences out of 15000+600000
 91103 words of font info for 109 fonts, out of 8000000 for 9000
 81 hyphenation exceptions out of 8191
 57i,12n,55p,472b,762s stack positions out of 5000i,500n,10000p,200000b,80000s
{/usr/share/texlive/texmf-dist/fonts/enc/dvips/base/8r.enc}</usr/share/texliv
e/texmf-dist/fonts/type1/public/amsfonts/cm/cmr10.pfb></usr/share/texlive/texmf
-dist/fonts/type1/public/fourier/fourier-ml.pfb></usr/share/texlive/texmf-dist/
fonts/type1/public/fourier/fourier-mlit.pfb></usr/share/texlive/texmf-dist/font
s/type1/public/fourier/fourier-ms.pfb></usr/share/texlive/texmf-dist/fonts/type
1/adobe/utopia/putb8a.pfb></usr/share/texlive/texmf-dist/fonts/type1/adobe/utop
ia/putr8a.pfb></usr/share/texlive/texmf-dist/fonts/type1/adobe/utopia/putri8a.p
fb>
Output written on report.pdf (26 pages, 1483683 bytes).
>>>>>>> 4ac8cb8abfdaefa9fe5282e169608f4bb4dc57e9
PDF statistics:
 189 PDF objects out of 1000 (max. 8388607)
 0 named destinations out of 1000 (max. 500000)
 208 words of extra memory for PDF output out of 10000 (max. 10000000)

