Added Component: Designator=J8(SIP3)
Added Component: Designator=J9(SIP3)
Added Component: Designator=U5(646-06)
Added Component: Designator=U8(646-06)
Added Pin To Net: NetName=CLK Pin=J8-3
Added Net: Name=CLK
Added Pin To Net: NetName=GND Pin=J8-1
Added Pin To Net: NetName=GND Pin=U5-7
Added Pin To Net: NetName=GND Pin=U8-7
Added Pin To Net: NetName=GND Pin=U8-7
Added Net: Name=GND
Added Pin To Net: NetName=NetU3_9 Pin=U8-3
Added Net: Name=NetU3_9
Added Pin To Net: NetName=NetU3_12 Pin=U5-10
Added Net: Name=NetU3_12
Added Pin To Net: NetName=NetU5_3 Pin=U5-3
Added Pin To Net: NetName=NetU5_3 Pin=U5-5
Added Pin To Net: NetName=NetU5_3 Pin=U8-2
Added Pin To Net: NetName=NetU5_3 Pin=U8-3
Added Net: Name=NetU5_3
Added Pin To Net: NetName=NetU5_6 Pin=U5-6
Added Pin To Net: NetName=NetU5_6 Pin=U8-1
Added Net: Name=NetU5_6
Added Pin To Net: NetName=NetU5_8 Pin=U5-8
Added Pin To Net: NetName=NetU5_8 Pin=U8-2
Added Net: Name=NetU5_8
Added Pin To Net: NetName=NetU5_9 Pin=U5-9
Added Pin To Net: NetName=NetU5_9 Pin=U8-1
Added Net: Name=NetU5_9
Added Pin To Net: NetName=Q0B Pin=J9-1
Added Pin To Net: NetName=Q0B Pin=U5-1
Added Net: Name=Q0B
Added Pin To Net: NetName=Q1B Pin=J9-2
Added Pin To Net: NetName=Q1B Pin=U5-2
Added Net: Name=Q1B
Added Pin To Net: NetName=Q2B Pin=J9-3
Added Pin To Net: NetName=Q2B Pin=U5-4
Added Net: Name=Q2B
Added Pin To Net: NetName=VDD Pin=J8-2
Added Pin To Net: NetName=VDD Pin=U5-14
Added Pin To Net: NetName=VDD Pin=U8-14
Added Pin To Net: NetName=VDD Pin=U8-14
Added Net: Name=VDD
Added Class: Name=sincronico
