Added Component: Designator=J8(SIP3)
Added Component: Designator=J9(SIP3)
Added Component: Designator=U2(N14A)
Added Component: Designator=U3(N14A)
Added Component: Designator=U5(646-06)
Added Component: Designator=U8(646-06)
Added Component: Designator=U8(646-06)
Added Pin To Net: NetName=GND Pin=J8-1
Added Pin To Net: NetName=VDD Pin=J8-2
Added Pin To Net: NetName=CLK Pin=J8-3
Added Pin To Net: NetName=Q0B Pin=J9-1
Added Pin To Net: NetName=Q1B Pin=J9-2
Added Pin To Net: NetName=Q2B Pin=J9-3
Added Pin To Net: NetName=GND Pin=U2-7
Added Pin To Net: NetName=GND Pin=U2-8
Added Pin To Net: NetName=Q0B Pin=U2-9
Added Pin To Net: NetName=GND Pin=U2-10
Added Pin To Net: NetName=CLK Pin=U2-11
Added Pin To Net: NetName=Q0B Pin=U2-12
Added Pin To Net: NetName=Q0B Pin=U2-13
Added Pin To Net: NetName=VDD Pin=U2-14
Added Pin To Net: NetName=Q1B Pin=U3-1
Added Pin To Net: NetName=Q1B Pin=U3-2
Added Pin To Net: NetName=CLK Pin=U3-3
Added Pin To Net: NetName=GND Pin=U3-4
Added Pin To Net: NetName=Q1B Pin=U3-5
Added Pin To Net: NetName=GND Pin=U3-6
Added Pin To Net: NetName=GND Pin=U3-7
Added Pin To Net: NetName=GND Pin=U3-8
Added Pin To Net: NetName=NetU3_9 Pin=U3-9
Added Pin To Net: NetName=GND Pin=U3-10
Added Pin To Net: NetName=CLK Pin=U3-11
Added Pin To Net: NetName=NetU3_12 Pin=U3-12
Added Pin To Net: NetName=Q2B Pin=U3-13
Added Pin To Net: NetName=VDD Pin=U3-14
Added Pin To Net: NetName=Q0B Pin=U5-1
Added Pin To Net: NetName=Q1B Pin=U5-2
Added Pin To Net: NetName=NetU5_3 Pin=U5-3
Added Pin To Net: NetName=Q2B Pin=U5-4
Added Pin To Net: NetName=NetU5_3 Pin=U5-5
Added Pin To Net: NetName=NetU5_6 Pin=U5-6
Added Pin To Net: NetName=GND Pin=U5-7
Added Pin To Net: NetName=NetU5_8 Pin=U5-8
Added Pin To Net: NetName=NetU5_9 Pin=U5-9
Added Pin To Net: NetName=NetU3_12 Pin=U5-10
Added Pin To Net: NetName=VDD Pin=U5-14
Added Pin To Net: NetName=NetU5_6 Pin=U8-1
Added Pin To Net: NetName=NetU5_9 Pin=U8-1
Added Pin To Net: NetName=NetU5_3 Pin=U8-2
Added Pin To Net: NetName=NetU5_8 Pin=U8-2
Added Pin To Net: NetName=NetU3_9 Pin=U8-3
Added Pin To Net: NetName=NetU5_3 Pin=U8-3
Added Pin To Net: NetName=GND Pin=U8-7
Added Pin To Net: NetName=GND Pin=U8-7
Added Pin To Net: NetName=VDD Pin=U8-14
Added Pin To Net: NetName=VDD Pin=U8-14
Added Member To Class: ClassName=sincronico Member=Component J8 CON3
Added Member To Class: ClassName=sincronico Member=Component J9 CON3
Added Member To Class: ClassName=sincronico Member=Component U2 CD4013BCN
Added Member To Class: ClassName=sincronico Member=Component U3 CD4013BCN
Added Member To Class: ClassName=sincronico Member=Component U5 MC74HC08AN
Added Member To Class: ClassName=sincronico Member=Component U8 MC74HC02AN
