Added Component: Designator=J4(SIP3)
Added Component: Designator=J5(SIP3)
Added Component: Designator=U1(N14A)
Added Component: Designator=U2(N14A)
Added Pin To Net: NetName=GND Pin=J4-1
Added Pin To Net: NetName=VDD Pin=J4-2
Added Pin To Net: NetName=CLK Pin=J4-3
Added Pin To Net: NetName=Q0 Pin=J5-1
Added Pin To Net: NetName=Q1 Pin=J5-2
Added Pin To Net: NetName=Q2 Pin=J5-3
Added Pin To Net: NetName=Q0 Pin=U1-1
Added Pin To Net: NetName=NetU1_2 Pin=U1-2
Added Pin To Net: NetName=CLK Pin=U1-3
Added Pin To Net: NetName=GND Pin=U1-4
Added Pin To Net: NetName=NetU1_2 Pin=U1-5
Added Pin To Net: NetName=GND Pin=U1-6
Added Pin To Net: NetName=GND Pin=U1-7
Added Pin To Net: NetName=GND Pin=U1-8
Added Pin To Net: NetName=NetU1_9 Pin=U1-9
Added Pin To Net: NetName=GND Pin=U1-10
Added Pin To Net: NetName=NetU1_2 Pin=U1-11
Added Pin To Net: NetName=NetU1_9 Pin=U1-12
Added Pin To Net: NetName=Q1 Pin=U1-13
Added Pin To Net: NetName=VDD Pin=U1-14
Added Pin To Net: NetName=Q2 Pin=U2-1
Added Pin To Net: NetName=NetU2_2 Pin=U2-2
Added Pin To Net: NetName=NetU1_9 Pin=U2-3
Added Pin To Net: NetName=GND Pin=U2-4
Added Pin To Net: NetName=NetU2_2 Pin=U2-5
Added Pin To Net: NetName=GND Pin=U2-6
Added Pin To Net: NetName=GND Pin=U2-7
Added Pin To Net: NetName=VDD Pin=U2-14
Added Member To Class: ClassName=asincronico Member=Component J4 CON3
Added Member To Class: ClassName=asincronico Member=Component J5 CON3
Added Member To Class: ClassName=asincronico Member=Component U1 CD4013BCN
Added Member To Class: ClassName=asincronico Member=Component U2 CD4013BCN
