Added Component: Designator=J1(SIP3)
Added Component: Designator=J2(SIP3)
Added Component: Designator=J3(SIP3)
Added Component: Designator=U1(M14A_N)
Added Component: Designator=U2(M14A_N)
Added Component: Designator=U3(M14A_N)
Added Component: Designator=U4(DIP14)
Added Component: Designator=U5(646-06)
Added Component: Designator=U6(646-06)
Added Pin To Net: NetName=CLK Pin=J1-3
Added Pin To Net: NetName=CLK Pin=U2-11
Added Pin To Net: NetName=CLK Pin=U3-3
Added Pin To Net: NetName=CLK Pin=U3-11
Added Net: Name=CLK
Added Pin To Net: NetName=GND Pin=J1-1
Added Pin To Net: NetName=GND Pin=U1-4
Added Pin To Net: NetName=GND Pin=U1-6
Added Pin To Net: NetName=GND Pin=U1-7
Added Pin To Net: NetName=GND Pin=U1-8
Added Pin To Net: NetName=GND Pin=U1-10
Added Pin To Net: NetName=GND Pin=U2-4
Added Pin To Net: NetName=GND Pin=U2-6
Added Pin To Net: NetName=GND Pin=U2-7
Added Pin To Net: NetName=GND Pin=U2-8
Added Pin To Net: NetName=GND Pin=U2-10
Added Pin To Net: NetName=GND Pin=U3-4
Added Pin To Net: NetName=GND Pin=U3-6
Added Pin To Net: NetName=GND Pin=U3-7
Added Pin To Net: NetName=GND Pin=U3-8
Added Pin To Net: NetName=GND Pin=U3-10
Added Pin To Net: NetName=GND Pin=U4-7
Added Pin To Net: NetName=GND Pin=U5-7
Added Pin To Net: NetName=GND Pin=U6-7
Added Net: Name=GND
Added Pin To Net: NetName=NetU1_2 Pin=U1-2
Added Pin To Net: NetName=NetU1_2 Pin=U1-5
Added Pin To Net: NetName=NetU1_2 Pin=U1-11
Added Net: Name=NetU1_2
Added Pin To Net: NetName=NetU1_9 Pin=U1-9
Added Pin To Net: NetName=NetU1_9 Pin=U1-12
Added Pin To Net: NetName=NetU1_9 Pin=U2-3
Added Net: Name=NetU1_9
Added Pin To Net: NetName=NetU2_2 Pin=U2-2
Added Pin To Net: NetName=NetU2_2 Pin=U2-5
Added Net: Name=NetU2_2
Added Pin To Net: NetName=NetU2_9 Pin=U2-9
Added Pin To Net: NetName=NetU2_9 Pin=U2-12
Added Net: Name=NetU2_9
Added Pin To Net: NetName=NetU3_2 Pin=U3-2
Added Pin To Net: NetName=NetU3_2 Pin=U3-5
Added Net: Name=NetU3_2
Added Pin To Net: NetName=NetU3_9 Pin=U3-9
Added Pin To Net: NetName=NetU3_9 Pin=U4-3
Added Net: Name=NetU3_9
Added Pin To Net: NetName=NetU3_12 Pin=U3-12
Added Pin To Net: NetName=NetU3_12 Pin=U6-10
Added Net: Name=NetU3_12
Added Pin To Net: NetName=NetU4_1 Pin=U4-1
Added Pin To Net: NetName=NetU4_1 Pin=U6-6
Added Net: Name=NetU4_1
Added Pin To Net: NetName=NetU4_2 Pin=U4-2
Added Pin To Net: NetName=NetU4_2 Pin=U6-8
Added Net: Name=NetU4_2
Added Pin To Net: NetName=NetU5_1 Pin=U5-1
Added Pin To Net: NetName=NetU5_1 Pin=U6-9
Added Net: Name=NetU5_1
Added Pin To Net: NetName=NetU5_2 Pin=U5-2
Added Pin To Net: NetName=NetU5_2 Pin=U5-3
Added Pin To Net: NetName=NetU5_2 Pin=U6-3
Added Pin To Net: NetName=NetU5_2 Pin=U6-5
Added Net: Name=NetU5_2
Added Pin To Net: NetName=Q0B Pin=J3-1
Added Pin To Net: NetName=Q0B Pin=U2-13
Added Pin To Net: NetName=Q0B Pin=U6-1
Added Net: Name=Q0B
Added Pin To Net: NetName=Q0 Pin=J2-1
Added Pin To Net: NetName=Q0 Pin=U1-1
Added Net: Name=Q0
Added Pin To Net: NetName=Q1B Pin=J3-2
Added Pin To Net: NetName=Q1B Pin=U3-1
Added Pin To Net: NetName=Q1B Pin=U6-2
Added Net: Name=Q1B
Added Pin To Net: NetName=Q1 Pin=J2-2
Added Pin To Net: NetName=Q1 Pin=U1-13
Added Net: Name=Q1
Added Pin To Net: NetName=Q2B Pin=J3-3
Added Pin To Net: NetName=Q2B Pin=U3-13
Added Pin To Net: NetName=Q2B Pin=U6-4
Added Net: Name=Q2B
Added Pin To Net: NetName=Q2 Pin=J2-3
Added Pin To Net: NetName=Q2 Pin=U2-1
Added Net: Name=Q2
Added Pin To Net: NetName=VCC Pin=J1-2
Added Pin To Net: NetName=VCC Pin=U4-14
Added Net: Name=VCC
Added Pin To Net: NetName=VDD Pin=U1-14
Added Pin To Net: NetName=VDD Pin=U2-14
Added Pin To Net: NetName=VDD Pin=U3-14
Added Pin To Net: NetName=VDD Pin=U5-14
Added Pin To Net: NetName=VDD Pin=U6-14
Added Net: Name=VDD
Added Class: Name=task5
