Added Component: Designator=J1(SIP3)
Added Component: Designator=J2(SIP3)
Added Component: Designator=J3(SIP3)
Added Component: Designator=U1(M14A_N)
Added Component: Designator=U1(DIP14)
Added Component: Designator=U1(751A-02_N)
Added Component: Designator=U2(M14A_N)
Added Component: Designator=U3(M14A_N)
Added Component: Designator=U?(751A-03_N)
Added Component: Designator=U?(751A-02_N)
Added Pin To Net: NetName=CLK Pin=J1-3
Added Pin To Net: NetName=CLK Pin=U2-11
Added Pin To Net: NetName=CLK Pin=U3-3
Added Pin To Net: NetName=CLK Pin=U3-11
Added Net: Name=CLK
Added Pin To Net: NetName=GND Pin=J1-1
Added Pin To Net: NetName=GND Pin=U1-4
Added Pin To Net: NetName=GND Pin=U1-6
Added Pin To Net: NetName=GND Pin=U1-7
Added Pin To Net: NetName=GND Pin=U1-7
Added Pin To Net: NetName=GND Pin=U1-7
Added Pin To Net: NetName=GND Pin=U1-8
Added Pin To Net: NetName=GND Pin=U1-10
Added Pin To Net: NetName=GND Pin=U2-4
Added Pin To Net: NetName=GND Pin=U2-6
Added Pin To Net: NetName=GND Pin=U2-7
Added Pin To Net: NetName=GND Pin=U2-8
Added Pin To Net: NetName=GND Pin=U2-10
Added Pin To Net: NetName=GND Pin=U3-4
Added Pin To Net: NetName=GND Pin=U3-6
Added Pin To Net: NetName=GND Pin=U3-7
Added Pin To Net: NetName=GND Pin=U3-8
Added Pin To Net: NetName=GND Pin=U3-10
Added Pin To Net: NetName=GND Pin=U?-7
Added Pin To Net: NetName=GND Pin=U?-7
Added Net: Name=GND
Added Pin To Net: NetName=NetU1_2 Pin=U1-2
Added Pin To Net: NetName=NetU1_2 Pin=U1-5
Added Pin To Net: NetName=NetU1_2 Pin=U1-11
Added Net: Name=NetU1_2
Added Pin To Net: NetName=NetU1_3 Pin=U1-3
Added Pin To Net: NetName=NetU1_3 Pin=U1-5
Added Pin To Net: NetName=NetU1_3 Pin=U?-2
Added Pin To Net: NetName=NetU1_3 Pin=U?-3
Added Net: Name=NetU1_3
Added Pin To Net: NetName=NetU1_6 Pin=U1-6
Added Pin To Net: NetName=NetU1_6 Pin=U?-1
Added Net: Name=NetU1_6
Added Pin To Net: NetName=NetU1_8 Pin=U1-8
Added Pin To Net: NetName=NetU1_8 Pin=U?-2
Added Net: Name=NetU1_8
Added Pin To Net: NetName=NetU1_9 Pin=U1-9
Added Pin To Net: NetName=NetU1_9 Pin=U1-12
Added Pin To Net: NetName=NetU1_9 Pin=U2-3
Added Net: Name=NetU1_9
Added Pin To Net: NetName=NetU1_10 Pin=U1-10
Added Pin To Net: NetName=NetU1_10 Pin=U3-12
Added Net: Name=NetU1_10
Added Pin To Net: NetName=NetU2_2 Pin=U2-2
Added Pin To Net: NetName=NetU2_2 Pin=U2-5
Added Net: Name=NetU2_2
Added Pin To Net: NetName=NetU2_9 Pin=U2-9
Added Pin To Net: NetName=NetU2_9 Pin=U2-12
Added Net: Name=NetU2_9
Added Pin To Net: NetName=NetU3_2 Pin=U3-2
Added Pin To Net: NetName=NetU3_2 Pin=U3-5
Added Net: Name=NetU3_2
Added Pin To Net: NetName=NetU3_9 Pin=U3-9
Added Pin To Net: NetName=NetU3_9 Pin=U?-3
Added Net: Name=NetU3_9
Added Pin To Net: NetName=Q0B Pin=J3-1
Added Pin To Net: NetName=Q0B Pin=U1-1
Added Pin To Net: NetName=Q0B Pin=U2-13
Added Net: Name=Q0B
Added Pin To Net: NetName=Q0 Pin=J2-1
Added Pin To Net: NetName=Q0 Pin=U1-1
Added Net: Name=Q0
Added Pin To Net: NetName=Q1B Pin=J3-2
Added Pin To Net: NetName=Q1B Pin=U1-2
Added Pin To Net: NetName=Q1B Pin=U3-1
Added Net: Name=Q1B
Added Pin To Net: NetName=Q1 Pin=J2-2
Added Pin To Net: NetName=Q1 Pin=U1-13
Added Net: Name=Q1
Added Pin To Net: NetName=Q2B Pin=J3-3
Added Pin To Net: NetName=Q2B Pin=U1-4
Added Pin To Net: NetName=Q2B Pin=U3-13
Added Net: Name=Q2B
Added Pin To Net: NetName=Q2 Pin=J2-3
Added Pin To Net: NetName=Q2 Pin=U2-1
Added Net: Name=Q2
Added Pin To Net: NetName=VCC Pin=J1-2
Added Pin To Net: NetName=VCC Pin=U1-14
Added Net: Name=VCC
Added Pin To Net: NetName=VDD Pin=U1-14
Added Pin To Net: NetName=VDD Pin=U1-14
Added Pin To Net: NetName=VDD Pin=U2-14
Added Pin To Net: NetName=VDD Pin=U3-14
Added Pin To Net: NetName=VDD Pin=U?-14
Added Pin To Net: NetName=VDD Pin=U?-14
Added Net: Name=VDD
Added Class: Name=task5
